This file contains any messages produced by compilers while
running configure, to aid debugging if configure makes a mistake.

It was created by pcsc-tools configure 1.5.7, which was
generated by GNU Autoconf 2.69.  Invocation command line was

  $ ./configure CC=arm-linux-gcc --host=arm-linux --prefix=/home/psm/work/code-refrence/Linux_Systerm/ccid/pcsc-tools-1.5.7/../output PCSC_LIBS=-L/home/psm/work/code-refrence/Linux_Systerm/ccid/pcsc-tools-1.5.7/../output/lib -lpcsclite PCSC_CFLAGS=-I /home/psm/work/code-refrence/Linux_Systerm/ccid/pcsc-tools-1.5.7/../output/include/PCSC

## --------- ##
## Platform. ##
## --------- ##

hostname = ubuntu
uname -m = x86_64
uname -r = 5.4.0-47-generic
uname -s = Linux
uname -v = #51~18.04.1-Ubuntu SMP Sat Sep 5 14:35:50 UTC 2020

/usr/bin/uname -p = unknown
/bin/uname -X     = unknown

/bin/arch              = unknown
/usr/bin/arch -k       = unknown
/usr/convex/getsysinfo = unknown
/usr/bin/hostinfo      = unknown
/bin/machine           = unknown
/usr/bin/oslevel       = unknown
/bin/universe          = unknown

PATH: /opt/gcc-linaro-5.3.1-2016.05-x86_64_arm-linux-gnueabihf/bin
PATH: /opt/gcc-linaro-4.6.3-gnueabi/bin
PATH: /usr/local/sbin
PATH: /usr/local/bin
PATH: /usr/sbin
PATH: /usr/bin
PATH: /sbin
PATH: /bin
PATH: /usr/games
PATH: /usr/local/games
PATH: /snap/bin


## ----------- ##
## Core tests. ##
## ----------- ##

configure:2156: checking for a BSD-compatible install
configure:2224: result: /usr/bin/install -c
configure:2235: checking whether build environment is sane
configure:2290: result: yes
configure:2349: checking for arm-linux-strip
configure:2365: found /opt/gcc-linaro-5.3.1-2016.05-x86_64_arm-linux-gnueabihf/bin/arm-linux-strip
configure:2376: result: arm-linux-strip
configure:2441: checking for a thread-safe mkdir -p
configure:2480: result: /bin/mkdir -p
configure:2487: checking for gawk
configure:2503: found /usr/bin/gawk
configure:2514: result: gawk
configure:2525: checking whether make sets $(MAKE)
configure:2547: result: yes
configure:2576: checking whether make supports nested variables
configure:2593: result: yes
configure:2736: checking whether make supports nested variables
configure:2753: result: yes
configure:2769: checking build system type
configure:2783: result: x86_64-pc-linux-gnu
configure:2803: checking host system type
configure:2816: result: arm-unknown-linux-gnu
configure:2846: checking for arm-linux-gcc
configure:2873: result: arm-linux-gcc
configure:3142: checking for C compiler version
configure:3151: arm-linux-gcc --version >&5
arm-linux-gcc (Linaro GCC 5.3-2016.05) 5.3.1 20160412
Copyright (C) 2015 Free Software Foundation, Inc.
This is free software; see the source for copying conditions.  There is NO
warranty; not even for MERCHANTABILITY or FITNESS FOR A PARTICULAR PURPOSE.

configure:3162: $? = 0
configure:3151: arm-linux-gcc -v >&5
Using built-in specs.
COLLECT_GCC=arm-linux-gcc
COLLECT_LTO_WRAPPER=/opt/gcc-linaro-5.3.1-2016.05-x86_64_arm-linux-gnueabihf/bin/../libexec/gcc/arm-linux-gnueabihf/5.3.1/lto-wrapper
Target: arm-linux-gnueabihf
Configured with: /home/tcwg-buildslave/workspace/tcwg-make-release/label/docker-trusty-amd64-tcwg/target/arm-linux-gnueabihf/snapshots/gcc-linaro-5.3-2016.05/configure SHELL=/bin/bash --with-mpc=/home/tcwg-buildslave/workspace/tcwg-make-release/label/docker-trusty-amd64-tcwg/target/arm-linux-gnueabihf/_build/builds/destdir/x86_64-unknown-linux-gnu --with-mpfr=/home/tcwg-buildslave/workspace/tcwg-make-release/label/docker-trusty-amd64-tcwg/target/arm-linux-gnueabihf/_build/builds/destdir/x86_64-unknown-linux-gnu --with-gmp=/home/tcwg-buildslave/workspace/tcwg-make-release/label/docker-trusty-amd64-tcwg/target/arm-linux-gnueabihf/_build/builds/destdir/x86_64-unknown-linux-gnu --with-gnu-as --with-gnu-ld --disable-libstdcxx-pch --disable-libmudflap --with-cloog=no --with-ppl=no --with-isl=no --disable-nls --enable-c99 --with-tune=cortex-a9 --with-arch=armv7-a --with-fpu=vfpv3-d16 --with-float=hard --with-mode=thumb --disable-multilib --enable-multiarch --with-build-sysroot=/home/tcwg-buildslave/workspace/tcwg-make-release/label/docker-trusty-amd64-tcwg/target/arm-linux-gnueabihf/_build/sysroots/arm-linux-gnueabihf --enable-lto --enable-linker-build-id --enable-long-long --enable-shared --with-sysroot=/home/tcwg-buildslave/workspace/tcwg-make-release/label/docker-trusty-amd64-tcwg/target/arm-linux-gnueabihf/_build/builds/destdir/x86_64-unknown-linux-gnu/arm-linux-gnueabihf/libc --enable-languages=c,c++,fortran,lto --enable-checking=release --disable-bootstrap --build=x86_64-unknown-linux-gnu --host=x86_64-unknown-linux-gnu --target=arm-linux-gnueabihf --prefix=/home/tcwg-buildslave/workspace/tcwg-make-release/label/docker-trusty-amd64-tcwg/target/arm-linux-gnueabihf/_build/builds/destdir/x86_64-unknown-linux-gnu
Thread model: posix
gcc version 5.3.1 20160412 (Linaro GCC 5.3-2016.05) 
configure:3162: $? = 0
configure:3151: arm-linux-gcc -V >&5
arm-linux-gcc: error: unrecognized command line option '-V'
arm-linux-gcc: fatal error: no input files
compilation terminated.
configure:3162: $? = 1
configure:3151: arm-linux-gcc -qversion >&5
arm-linux-gcc: error: unrecognized command line option '-qversion'
arm-linux-gcc: fatal error: no input files
compilation terminated.
configure:3162: $? = 1
configure:3182: checking whether the C compiler works
configure:3204: arm-linux-gcc    conftest.c  >&5
configure:3208: $? = 0
configure:3256: result: yes
configure:3259: checking for C compiler default output file name
configure:3261: result: a.out
configure:3267: checking for suffix of executables
configure:3274: arm-linux-gcc -o conftest    conftest.c  >&5
configure:3278: $? = 0
configure:3300: result: 
configure:3322: checking whether we are cross compiling
configure:3330: arm-linux-gcc -o conftest    conftest.c  >&5
configure:3334: $? = 0
configure:3341: ./conftest
/lib/ld-linux-armhf.so.3: No such file or directory
configure:3345: $? = 255
configure:3360: result: yes
configure:3365: checking for suffix of object files
configure:3387: arm-linux-gcc -c   conftest.c >&5
configure:3391: $? = 0
configure:3412: result: o
configure:3416: checking whether we are using the GNU C compiler
configure:3435: arm-linux-gcc -c   conftest.c >&5
configure:3435: $? = 0
configure:3444: result: yes
configure:3453: checking whether arm-linux-gcc accepts -g
configure:3473: arm-linux-gcc -c -g  conftest.c >&5
configure:3473: $? = 0
configure:3514: result: yes
configure:3531: checking for arm-linux-gcc option to accept ISO C89
configure:3594: arm-linux-gcc  -c -g -O2  conftest.c >&5
configure:3594: $? = 0
configure:3607: result: none needed
configure:3632: checking whether arm-linux-gcc understands -c and -o together
configure:3654: arm-linux-gcc -c conftest.c -o conftest2.o
configure:3657: $? = 0
configure:3654: arm-linux-gcc -c conftest.c -o conftest2.o
configure:3657: $? = 0
configure:3669: result: yes
configure:3689: checking whether make supports the include directive
configure:3704: make -f confmf.GNU && cat confinc.out
this is the am__doit target
configure:3707: $? = 0
configure:3726: result: yes (GNU style)
configure:3751: checking dependency style of arm-linux-gcc
configure:3862: result: gcc3
configure:3901: checking for arm-linux-pkg-config
configure:3934: result: no
configure:3944: checking for pkg-config
configure:3977: result: no
configure:4102: WARNING: libpcsclite not found by pkg-config
configure:4116: checking how to run the C preprocessor
configure:4147: arm-linux-gcc -E  -I /home/psm/work/code-refrence/Linux_Systerm/ccid/pcsc-tools-1.5.7/../output/include/PCSC conftest.c
configure:4147: $? = 0
configure:4161: arm-linux-gcc -E  -I /home/psm/work/code-refrence/Linux_Systerm/ccid/pcsc-tools-1.5.7/../output/include/PCSC conftest.c
conftest.c:11:28: fatal error: ac_nonexistent.h: No such file or directory
compilation terminated.
configure:4161: $? = 1
configure: failed program was:
| /* confdefs.h */
| #define PACKAGE_NAME "pcsc-tools"
| #define PACKAGE_TARNAME "pcsc-tools"
| #define PACKAGE_VERSION "1.5.7"
| #define PACKAGE_STRING "pcsc-tools 1.5.7"
| #define PACKAGE_BUGREPORT ""
| #define PACKAGE_URL ""
| #define PACKAGE "pcsc-tools"
| #define VERSION "1.5.7"
| /* end confdefs.h.  */
| #include <ac_nonexistent.h>
configure:4186: result: arm-linux-gcc -E
configure:4206: arm-linux-gcc -E  -I /home/psm/work/code-refrence/Linux_Systerm/ccid/pcsc-tools-1.5.7/../output/include/PCSC conftest.c
configure:4206: $? = 0
configure:4220: arm-linux-gcc -E  -I /home/psm/work/code-refrence/Linux_Systerm/ccid/pcsc-tools-1.5.7/../output/include/PCSC conftest.c
conftest.c:11:28: fatal error: ac_nonexistent.h: No such file or directory
compilation terminated.
configure:4220: $? = 1
configure: failed program was:
| /* confdefs.h */
| #define PACKAGE_NAME "pcsc-tools"
| #define PACKAGE_TARNAME "pcsc-tools"
| #define PACKAGE_VERSION "1.5.7"
| #define PACKAGE_STRING "pcsc-tools 1.5.7"
| #define PACKAGE_BUGREPORT ""
| #define PACKAGE_URL ""
| #define PACKAGE "pcsc-tools"
| #define VERSION "1.5.7"
| /* end confdefs.h.  */
| #include <ac_nonexistent.h>
configure:4249: checking for grep that handles long lines and -e
configure:4307: result: /bin/grep
configure:4312: checking for egrep
configure:4374: result: /bin/grep -E
configure:4379: checking for ANSI C header files
configure:4399: arm-linux-gcc -c -g -O2  -I /home/psm/work/code-refrence/Linux_Systerm/ccid/pcsc-tools-1.5.7/../output/include/PCSC conftest.c >&5
configure:4399: $? = 0
configure:4483: result: yes
configure:4496: checking for sys/types.h
configure:4496: arm-linux-gcc -c -g -O2  -I /home/psm/work/code-refrence/Linux_Systerm/ccid/pcsc-tools-1.5.7/../output/include/PCSC conftest.c >&5
configure:4496: $? = 0
configure:4496: result: yes
configure:4496: checking for sys/stat.h
configure:4496: arm-linux-gcc -c -g -O2  -I /home/psm/work/code-refrence/Linux_Systerm/ccid/pcsc-tools-1.5.7/../output/include/PCSC conftest.c >&5
configure:4496: $? = 0
configure:4496: result: yes
configure:4496: checking for stdlib.h
configure:4496: arm-linux-gcc -c -g -O2  -I /home/psm/work/code-refrence/Linux_Systerm/ccid/pcsc-tools-1.5.7/../output/include/PCSC conftest.c >&5
configure:4496: $? = 0
configure:4496: result: yes
configure:4496: checking for string.h
configure:4496: arm-linux-gcc -c -g -O2  -I /home/psm/work/code-refrence/Linux_Systerm/ccid/pcsc-tools-1.5.7/../output/include/PCSC conftest.c >&5
configure:4496: $? = 0
configure:4496: result: yes
configure:4496: checking for memory.h
configure:4496: arm-linux-gcc -c -g -O2  -I /home/psm/work/code-refrence/Linux_Systerm/ccid/pcsc-tools-1.5.7/../output/include/PCSC conftest.c >&5
configure:4496: $? = 0
configure:4496: result: yes
configure:4496: checking for strings.h
configure:4496: arm-linux-gcc -c -g -O2  -I /home/psm/work/code-refrence/Linux_Systerm/ccid/pcsc-tools-1.5.7/../output/include/PCSC conftest.c >&5
configure:4496: $? = 0
configure:4496: result: yes
configure:4496: checking for inttypes.h
configure:4496: arm-linux-gcc -c -g -O2  -I /home/psm/work/code-refrence/Linux_Systerm/ccid/pcsc-tools-1.5.7/../output/include/PCSC conftest.c >&5
configure:4496: $? = 0
configure:4496: result: yes
configure:4496: checking for stdint.h
configure:4496: arm-linux-gcc -c -g -O2  -I /home/psm/work/code-refrence/Linux_Systerm/ccid/pcsc-tools-1.5.7/../output/include/PCSC conftest.c >&5
configure:4496: $? = 0
configure:4496: result: yes
configure:4496: checking for unistd.h
configure:4496: arm-linux-gcc -c -g -O2  -I /home/psm/work/code-refrence/Linux_Systerm/ccid/pcsc-tools-1.5.7/../output/include/PCSC conftest.c >&5
configure:4496: $? = 0
configure:4496: result: yes
configure:4509: checking winscard.h usability
configure:4509: arm-linux-gcc -c -g -O2  -I /home/psm/work/code-refrence/Linux_Systerm/ccid/pcsc-tools-1.5.7/../output/include/PCSC conftest.c >&5
configure:4509: $? = 0
configure:4509: result: yes
configure:4509: checking winscard.h presence
configure:4509: arm-linux-gcc -E  -I /home/psm/work/code-refrence/Linux_Systerm/ccid/pcsc-tools-1.5.7/../output/include/PCSC conftest.c
configure:4509: $? = 0
configure:4509: result: yes
configure:4509: checking for winscard.h
configure:4509: result: yes
configure:4520: checking for SCardEstablishContext
configure:4540: arm-linux-gcc -o conftest -g -O2  -I /home/psm/work/code-refrence/Linux_Systerm/ccid/pcsc-tools-1.5.7/../output/include/PCSC  conftest.c  -L/home/psm/work/code-refrence/Linux_Systerm/ccid/pcsc-tools-1.5.7/../output/lib -lpcsclite >&5
configure:4540: $? = 0
configure:4541: result: yes
configure:4551: checking for ANSI C header files
configure:4655: result: yes
configure:4666: checking for unistd.h
configure:4666: result: yes
configure:4666: checking time.h usability
configure:4666: arm-linux-gcc -c -g -O2  conftest.c >&5
configure:4666: $? = 0
configure:4666: result: yes
configure:4666: checking time.h presence
configure:4666: arm-linux-gcc -E  conftest.c
configure:4666: $? = 0
configure:4666: result: yes
configure:4666: checking for time.h
configure:4666: result: yes
configure:4666: checking for string.h
configure:4666: result: yes
configure:4666: checking stdio.h usability
configure:4666: arm-linux-gcc -c -g -O2  conftest.c >&5
configure:4666: $? = 0
configure:4666: result: yes
configure:4666: checking stdio.h presence
configure:4666: arm-linux-gcc -E  conftest.c
configure:4666: $? = 0
configure:4666: result: yes
configure:4666: checking for stdio.h
configure:4666: result: yes
configure:4666: checking for stdlib.h
configure:4666: result: yes
configure:4666: checking sys/time.h usability
configure:4666: arm-linux-gcc -c -g -O2  conftest.c >&5
configure:4666: $? = 0
configure:4666: result: yes
configure:4666: checking sys/time.h presence
configure:4666: arm-linux-gcc -E  conftest.c
configure:4666: $? = 0
configure:4666: result: yes
configure:4666: checking for sys/time.h
configure:4666: result: yes
configure:4678: checking whether sys/types.h defines makedev
configure:4694: arm-linux-gcc -o conftest -g -O2   conftest.c  >&5
configure:4694: $? = 0
configure:4703: result: yes
configure:4841: checking that generated files are newer than configure
configure:4847: result: done
configure:4870: creating ./config.status

## ---------------------- ##
## Running config.status. ##
## ---------------------- ##

This file was extended by pcsc-tools config.status 1.5.7, which was
generated by GNU Autoconf 2.69.  Invocation command line was

  CONFIG_FILES    = 
  CONFIG_HEADERS  = 
  CONFIG_LINKS    = 
  CONFIG_COMMANDS = 
  $ ./config.status 

on ubuntu

config.status:873: creating Makefile
config.status:873: creating config.h
config.status:1102: executing depfiles commands
config.status:1179: cd .       && sed -e '/# am--include-marker/d' Makefile         | make -f - am--depfiles
config.status:1184: $? = 0

## ---------------- ##
## Cache variables. ##
## ---------------- ##

ac_cv_build=x86_64-pc-linux-gnu
ac_cv_c_compiler_gnu=yes
ac_cv_env_CC_set=set
ac_cv_env_CC_value=arm-linux-gcc
ac_cv_env_CFLAGS_set=
ac_cv_env_CFLAGS_value=
ac_cv_env_CPPFLAGS_set=
ac_cv_env_CPPFLAGS_value=
ac_cv_env_CPP_set=
ac_cv_env_CPP_value=
ac_cv_env_LDFLAGS_set=
ac_cv_env_LDFLAGS_value=
ac_cv_env_LIBS_set=
ac_cv_env_LIBS_value=
ac_cv_env_PCSC_CFLAGS_set=set
ac_cv_env_PCSC_CFLAGS_value='-I /home/psm/work/code-refrence/Linux_Systerm/ccid/pcsc-tools-1.5.7/../output/include/PCSC'
ac_cv_env_PCSC_LIBS_set=set
ac_cv_env_PCSC_LIBS_value='-L/home/psm/work/code-refrence/Linux_Systerm/ccid/pcsc-tools-1.5.7/../output/lib -lpcsclite'
ac_cv_env_PKG_CONFIG_LIBDIR_set=
ac_cv_env_PKG_CONFIG_LIBDIR_value=
ac_cv_env_PKG_CONFIG_PATH_set=
ac_cv_env_PKG_CONFIG_PATH_value=
ac_cv_env_PKG_CONFIG_set=
ac_cv_env_PKG_CONFIG_value=
ac_cv_env_build_alias_set=
ac_cv_env_build_alias_value=
ac_cv_env_host_alias_set=set
ac_cv_env_host_alias_value=arm-linux
ac_cv_env_target_alias_set=
ac_cv_env_target_alias_value=
ac_cv_header_inttypes_h=yes
ac_cv_header_memory_h=yes
ac_cv_header_stdc=yes
ac_cv_header_stdint_h=yes
ac_cv_header_stdio_h=yes
ac_cv_header_stdlib_h=yes
ac_cv_header_string_h=yes
ac_cv_header_strings_h=yes
ac_cv_header_sys_stat_h=yes
ac_cv_header_sys_time_h=yes
ac_cv_header_sys_types_h=yes
ac_cv_header_sys_types_h_makedev=yes
ac_cv_header_time_h=yes
ac_cv_header_unistd_h=yes
ac_cv_header_winscard_h=yes
ac_cv_host=arm-unknown-linux-gnu
ac_cv_objext=o
ac_cv_path_EGREP='/bin/grep -E'
ac_cv_path_GREP=/bin/grep
ac_cv_path_install='/usr/bin/install -c'
ac_cv_path_mkdir=/bin/mkdir
ac_cv_prog_AWK=gawk
ac_cv_prog_CC=arm-linux-gcc
ac_cv_prog_CPP='arm-linux-gcc -E'
ac_cv_prog_STRIP=arm-linux-strip
ac_cv_prog_cc_c89=
ac_cv_prog_cc_g=yes
ac_cv_prog_make_make_set=yes
am_cv_CC_dependencies_compiler_type=gcc3
am_cv_make_support_nested_variables=yes
am_cv_prog_cc_c_o=yes

## ----------------- ##
## Output variables. ##
## ----------------- ##

ACLOCAL='${SHELL} /home/psm/work/code-refrence/Linux_Systerm/ccid/pcsc-tools-1.5.7/missing aclocal-1.16'
AMDEPBACKSLASH='\'
AMDEP_FALSE='#'
AMDEP_TRUE=''
AMTAR='$${TAR-tar}'
AM_BACKSLASH='\'
AM_DEFAULT_V='$(AM_DEFAULT_VERBOSITY)'
AM_DEFAULT_VERBOSITY='0'
AM_V='$(V)'
AUTOCONF='${SHELL} /home/psm/work/code-refrence/Linux_Systerm/ccid/pcsc-tools-1.5.7/missing autoconf'
AUTOHEADER='${SHELL} /home/psm/work/code-refrence/Linux_Systerm/ccid/pcsc-tools-1.5.7/missing autoheader'
AUTOMAKE='${SHELL} /home/psm/work/code-refrence/Linux_Systerm/ccid/pcsc-tools-1.5.7/missing automake-1.16'
AWK='gawk'
CC='arm-linux-gcc'
CCDEPMODE='depmode=gcc3'
CFLAGS='-g -O2'
CPP='arm-linux-gcc -E'
CPPFLAGS=''
CYGPATH_W='echo'
DEFS='-DHAVE_CONFIG_H'
DEPDIR='.deps'
ECHO_C=''
ECHO_N='-n'
ECHO_T=''
EGREP='/bin/grep -E'
EXEEXT=''
GREP='/bin/grep'
INSTALL_DATA='${INSTALL} -m 644'
INSTALL_PROGRAM='${INSTALL}'
INSTALL_SCRIPT='${INSTALL}'
INSTALL_STRIP_PROGRAM='$(install_sh) -c -s'
LDFLAGS=''
LIBOBJS=''
LIBS=''
LTLIBOBJS=''
MAKEINFO='${SHELL} /home/psm/work/code-refrence/Linux_Systerm/ccid/pcsc-tools-1.5.7/missing makeinfo'
MKDIR_P='/bin/mkdir -p'
OBJEXT='o'
PACKAGE='pcsc-tools'
PACKAGE_BUGREPORT=''
PACKAGE_NAME='pcsc-tools'
PACKAGE_STRING='pcsc-tools 1.5.7'
PACKAGE_TARNAME='pcsc-tools'
PACKAGE_URL=''
PACKAGE_VERSION='1.5.7'
PATH_SEPARATOR=':'
PCSC_CFLAGS='-I /home/psm/work/code-refrence/Linux_Systerm/ccid/pcsc-tools-1.5.7/../output/include/PCSC'
PCSC_LIBS='-L/home/psm/work/code-refrence/Linux_Systerm/ccid/pcsc-tools-1.5.7/../output/lib -lpcsclite'
PKG_CONFIG=''
PKG_CONFIG_LIBDIR=''
PKG_CONFIG_PATH=''
SET_MAKE=''
SHELL='/bin/bash'
STRIP='arm-linux-strip'
VERSION='1.5.7'
ac_ct_CC=''
am__EXEEXT_FALSE=''
am__EXEEXT_TRUE='#'
am__fastdepCC_FALSE='#'
am__fastdepCC_TRUE=''
am__include='include'
am__isrc=''
am__leading_dot='.'
am__nodep='_no'
am__quote=''
am__tar='$${TAR-tar} chof - "$$tardir"'
am__untar='$${TAR-tar} xf -'
bindir='${exec_prefix}/bin'
build='x86_64-pc-linux-gnu'
build_alias=''
build_cpu='x86_64'
build_os='linux-gnu'
build_vendor='pc'
datadir='${datarootdir}'
datarootdir='${prefix}/share'
docdir='${datarootdir}/doc/${PACKAGE_TARNAME}'
dvidir='${docdir}'
exec_prefix='${prefix}'
host='arm-unknown-linux-gnu'
host_alias='arm-linux'
host_cpu='arm'
host_os='linux-gnu'
host_vendor='unknown'
htmldir='${docdir}'
includedir='${prefix}/include'
infodir='${datarootdir}/info'
install_sh='${SHELL} /home/psm/work/code-refrence/Linux_Systerm/ccid/pcsc-tools-1.5.7/install-sh'
libdir='${exec_prefix}/lib'
libexecdir='${exec_prefix}/libexec'
localedir='${datarootdir}/locale'
localstatedir='${prefix}/var'
mandir='${datarootdir}/man'
mkdir_p='$(MKDIR_P)'
oldincludedir='/usr/include'
pdfdir='${docdir}'
prefix='/home/psm/work/code-refrence/Linux_Systerm/ccid/pcsc-tools-1.5.7/../output'
program_transform_name='s,x,x,'
psdir='${docdir}'
runstatedir='${localstatedir}/run'
sbindir='${exec_prefix}/sbin'
sharedstatedir='${prefix}/com'
sysconfdir='${prefix}/etc'
target_alias=''

## ----------- ##
## confdefs.h. ##
## ----------- ##

/* confdefs.h */
#define PACKAGE_NAME "pcsc-tools"
#define PACKAGE_TARNAME "pcsc-tools"
#define PACKAGE_VERSION "1.5.7"
#define PACKAGE_STRING "pcsc-tools 1.5.7"
#define PACKAGE_BUGREPORT ""
#define PACKAGE_URL ""
#define PACKAGE "pcsc-tools"
#define VERSION "1.5.7"
#define STDC_HEADERS 1
#define HAVE_SYS_TYPES_H 1
#define HAVE_SYS_STAT_H 1
#define HAVE_STDLIB_H 1
#define HAVE_STRING_H 1
#define HAVE_MEMORY_H 1
#define HAVE_STRINGS_H 1
#define HAVE_INTTYPES_H 1
#define HAVE_STDINT_H 1
#define HAVE_UNISTD_H 1
#define STDC_HEADERS 1
#define HAVE_UNISTD_H 1
#define HAVE_TIME_H 1
#define HAVE_STRING_H 1
#define HAVE_STDIO_H 1
#define HAVE_STDLIB_H 1
#define HAVE_SYS_TIME_H 1

configure: exit 0
