This file contains any messages produced by compilers while
running configure, to aid debugging if configure makes a mistake.

It was created by libusb-1.0 configure 1.0.23, which was
generated by GNU Autoconf 2.69.  Invocation command line was

  $ ./configure --host=arm-linux --prefix=/home/psm/work/code-refrence/Linux_Systerm/ccid/libusb-1.0.23/../output --disable-udev CC=arm-linux-gcc CXX=arm-linux-g++ host_alias=arm-linux --no-create --no-recursion

## --------- ##
## Platform. ##
## --------- ##

hostname = ubuntu
uname -m = x86_64
uname -r = 5.4.0-81-generic
uname -s = Linux
uname -v = #91~18.04.1-Ubuntu SMP Fri Jul 23 13:36:29 UTC 2021

/usr/bin/uname -p = unknown
/bin/uname -X     = unknown

/bin/arch              = unknown
/usr/bin/arch -k       = unknown
/usr/convex/getsysinfo = unknown
/usr/bin/hostinfo      = unknown
/bin/machine           = unknown
/usr/bin/oslevel       = unknown
/bin/universe          = unknown

PATH: /usr/local/arm-201305-gnueabi/lib
PATH: /opt/arm-201305-gnueabi/bin
PATH: /sbin
PATH: /usr/sbin
PATH: /usr/local/sbin
PATH: /usr/local/bin
PATH: /usr/sbin
PATH: /usr/bin
PATH: /sbin
PATH: /bin
PATH: /usr/games
PATH: /usr/local/games
PATH: /snap/bin


## ----------- ##
## Core tests. ##
## ----------- ##

configure:2569: checking for a BSD-compatible install
configure:2637: result: /usr/bin/install -c
configure:2648: checking whether build environment is sane
configure:2703: result: yes
configure:2762: checking for arm-linux-strip
configure:2778: found /opt/arm-201305-gnueabi/bin/arm-linux-strip
configure:2789: result: arm-linux-strip
configure:2854: checking for a thread-safe mkdir -p
configure:2893: result: /bin/mkdir -p
configure:2900: checking for gawk
configure:2916: found /usr/bin/gawk
configure:2927: result: gawk
configure:2938: checking whether make sets $(MAKE)
configure:2960: result: yes
configure:2989: checking whether make supports nested variables
configure:3006: result: yes
configure:3148: checking whether make supports nested variables
configure:3165: result: yes
configure:3186: checking for arm-linux-gcc
configure:3213: result: arm-linux-gcc
configure:3482: checking for C compiler version
configure:3491: arm-linux-gcc --version >&5
arm-linux-gcc (Sourcery CodeBench Lite 2013.05-24) 4.7.3
Copyright (C) 2012 Free Software Foundation, Inc.
This is free software; see the source for copying conditions.  There is NO
warranty; not even for MERCHANTABILITY or FITNESS FOR A PARTICULAR PURPOSE.

configure:3502: $? = 0
configure:3491: arm-linux-gcc -v >&5
Using built-in specs.
COLLECT_GCC=arm-linux-gcc
COLLECT_LTO_WRAPPER=/opt/arm-201305-gnueabi/bin/../libexec/gcc/arm-none-linux-gnueabi/4.7.3/lto-wrapper
Target: arm-none-linux-gnueabi
Configured with: /scratch/jbrown/2013.05-arm-linux-release/src/gcc-4.7-2013.05/configure --build=i686-pc-linux-gnu --host=i686-pc-linux-gnu --target=arm-none-linux-gnueabi --enable-threads --disable-libmudflap --disable-libssp --disable-libstdcxx-pch --enable-extra-sgxxlite-multilibs --with-arch=armv5te --with-gnu-as --with-gnu-ld --with-specs='%{save-temps: -fverbose-asm} %{funwind-tables|fno-unwind-tables|mabi=*|ffreestanding|nostdlib:;:-funwind-tables} -D__CS_SOURCERYGXX_MAJ__=2013 -D__CS_SOURCERYGXX_MIN__=5 -D__CS_SOURCERYGXX_REV__=24 %{O2:%{!fno-remove-local-statics: -fremove-local-statics}} %{O*:%{O|O0|O1|O2|Os:;:%{!fno-remove-local-statics: -fremove-local-statics}}}' --enable-languages=c,c++ --enable-shared --enable-lto --enable-symvers=gnu --enable-__cxa_atexit --with-pkgversion='Sourcery CodeBench Lite 2013.05-24' --with-bugurl=https://sourcery.mentor.com/GNUToolchain/ --disable-nls --prefix=/opt/codesourcery --with-sysroot=/opt/codesourcery/arm-none-linux-gnueabi/libc --with-build-sysroot=/scratch/jbrown/2013.05-arm-linux-release/install/arm-none-linux-gnueabi/libc --with-gmp=/scratch/jbrown/2013.05-arm-linux-release/obj/pkg-2013.05-24-arm-none-linux-gnueabi/arm-2013.05-24-arm-none-linux-gnueabi.extras/host-libs-i686-pc-linux-gnu/usr --with-mpfr=/scratch/jbrown/2013.05-arm-linux-release/obj/pkg-2013.05-24-arm-none-linux-gnueabi/arm-2013.05-24-arm-none-linux-gnueabi.extras/host-libs-i686-pc-linux-gnu/usr --with-mpc=/scratch/jbrown/2013.05-arm-linux-release/obj/pkg-2013.05-24-arm-none-linux-gnueabi/arm-2013.05-24-arm-none-linux-gnueabi.extras/host-libs-i686-pc-linux-gnu/usr --with-ppl=/scratch/jbrown/2013.05-arm-linux-release/obj/pkg-2013.05-24-arm-none-linux-gnueabi/arm-2013.05-24-arm-none-linux-gnueabi.extras/host-libs-i686-pc-linux-gnu/usr --with-host-libstdcxx='-static-libgcc -Wl,-Bstatic,-lstdc++,-Bdynamic -lm' --with-cloog=/scratch/jbrown/2013.05-arm-linux-release/obj/pkg-2013.05-24-arm-none-linux-gnueabi/arm-2013.05-24-arm-none-linux-gnueabi.extras/host-libs-i686-pc-linux-gnu/usr --with-libelf=/scratch/jbrown/2013.05-arm-linux-release/obj/pkg-2013.05-24-arm-none-linux-gnueabi/arm-2013.05-24-arm-none-linux-gnueabi.extras/host-libs-i686-pc-linux-gnu/usr --disable-libgomp --disable-libitm --enable-poison-system-directories --with-build-time-tools=/scratch/jbrown/2013.05-arm-linux-release/install/arm-none-linux-gnueabi/bin --with-build-time-tools=/scratch/jbrown/2013.05-arm-linux-release/install/arm-none-linux-gnueabi/bin
Thread model: posix
gcc version 4.7.3 (Sourcery CodeBench Lite 2013.05-24) 
configure:3502: $? = 0
configure:3491: arm-linux-gcc -V >&5
arm-linux-gcc: error: unrecognized command line option '-V'
arm-linux-gcc: fatal error: no input files
compilation terminated.
configure:3502: $? = 1
configure:3491: arm-linux-gcc -qversion >&5
arm-linux-gcc: error: unrecognized command line option '-qversion'
arm-linux-gcc: fatal error: no input files
compilation terminated.
configure:3502: $? = 1
configure:3522: checking whether the C compiler works
configure:3544: arm-linux-gcc    conftest.c  >&5
configure:3548: $? = 0
configure:3596: result: yes
configure:3599: checking for C compiler default output file name
configure:3601: result: a.out
configure:3607: checking for suffix of executables
configure:3614: arm-linux-gcc -o conftest    conftest.c  >&5
configure:3618: $? = 0
configure:3640: result: 
configure:3662: checking whether we are cross compiling
configure:3670: arm-linux-gcc -o conftest    conftest.c  >&5
configure:3674: $? = 0
configure:3681: ./conftest
/lib/ld-linux.so.3: No such file or directory
configure:3685: $? = 255
configure:3700: result: yes
configure:3705: checking for suffix of object files
configure:3727: arm-linux-gcc -c   conftest.c >&5
configure:3731: $? = 0
configure:3752: result: o
configure:3756: checking whether we are using the GNU C compiler
configure:3775: arm-linux-gcc -c   conftest.c >&5
configure:3775: $? = 0
configure:3784: result: yes
configure:3793: checking whether arm-linux-gcc accepts -g
configure:3813: arm-linux-gcc -c -g  conftest.c >&5
configure:3813: $? = 0
configure:3854: result: yes
configure:3871: checking for arm-linux-gcc option to accept ISO C89
configure:3934: arm-linux-gcc  -c -g -O2  conftest.c >&5
configure:3934: $? = 0
configure:3947: result: none needed
configure:3972: checking whether arm-linux-gcc understands -c and -o together
configure:3994: arm-linux-gcc -c conftest.c -o conftest2.o
configure:3997: $? = 0
configure:3994: arm-linux-gcc -c conftest.c -o conftest2.o
configure:3997: $? = 0
configure:4009: result: yes
configure:4037: checking for style of include used by make
configure:4065: result: GNU
configure:4091: checking dependency style of arm-linux-gcc
configure:4202: result: gcc3
configure:4329: checking for C++ compiler version
configure:4338: arm-linux-g++ --version >&5
arm-linux-g++ (Sourcery CodeBench Lite 2013.05-24) 4.7.3
Copyright (C) 2012 Free Software Foundation, Inc.
This is free software; see the source for copying conditions.  There is NO
warranty; not even for MERCHANTABILITY or FITNESS FOR A PARTICULAR PURPOSE.

configure:4349: $? = 0
configure:4338: arm-linux-g++ -v >&5
Using built-in specs.
COLLECT_GCC=arm-linux-g++
COLLECT_LTO_WRAPPER=/opt/arm-201305-gnueabi/bin/../libexec/gcc/arm-none-linux-gnueabi/4.7.3/lto-wrapper
Target: arm-none-linux-gnueabi
Configured with: /scratch/jbrown/2013.05-arm-linux-release/src/gcc-4.7-2013.05/configure --build=i686-pc-linux-gnu --host=i686-pc-linux-gnu --target=arm-none-linux-gnueabi --enable-threads --disable-libmudflap --disable-libssp --disable-libstdcxx-pch --enable-extra-sgxxlite-multilibs --with-arch=armv5te --with-gnu-as --with-gnu-ld --with-specs='%{save-temps: -fverbose-asm} %{funwind-tables|fno-unwind-tables|mabi=*|ffreestanding|nostdlib:;:-funwind-tables} -D__CS_SOURCERYGXX_MAJ__=2013 -D__CS_SOURCERYGXX_MIN__=5 -D__CS_SOURCERYGXX_REV__=24 %{O2:%{!fno-remove-local-statics: -fremove-local-statics}} %{O*:%{O|O0|O1|O2|Os:;:%{!fno-remove-local-statics: -fremove-local-statics}}}' --enable-languages=c,c++ --enable-shared --enable-lto --enable-symvers=gnu --enable-__cxa_atexit --with-pkgversion='Sourcery CodeBench Lite 2013.05-24' --with-bugurl=https://sourcery.mentor.com/GNUToolchain/ --disable-nls --prefix=/opt/codesourcery --with-sysroot=/opt/codesourcery/arm-none-linux-gnueabi/libc --with-build-sysroot=/scratch/jbrown/2013.05-arm-linux-release/install/arm-none-linux-gnueabi/libc --with-gmp=/scratch/jbrown/2013.05-arm-linux-release/obj/pkg-2013.05-24-arm-none-linux-gnueabi/arm-2013.05-24-arm-none-linux-gnueabi.extras/host-libs-i686-pc-linux-gnu/usr --with-mpfr=/scratch/jbrown/2013.05-arm-linux-release/obj/pkg-2013.05-24-arm-none-linux-gnueabi/arm-2013.05-24-arm-none-linux-gnueabi.extras/host-libs-i686-pc-linux-gnu/usr --with-mpc=/scratch/jbrown/2013.05-arm-linux-release/obj/pkg-2013.05-24-arm-none-linux-gnueabi/arm-2013.05-24-arm-none-linux-gnueabi.extras/host-libs-i686-pc-linux-gnu/usr --with-ppl=/scratch/jbrown/2013.05-arm-linux-release/obj/pkg-2013.05-24-arm-none-linux-gnueabi/arm-2013.05-24-arm-none-linux-gnueabi.extras/host-libs-i686-pc-linux-gnu/usr --with-host-libstdcxx='-static-libgcc -Wl,-Bstatic,-lstdc++,-Bdynamic -lm' --with-cloog=/scratch/jbrown/2013.05-arm-linux-release/obj/pkg-2013.05-24-arm-none-linux-gnueabi/arm-2013.05-24-arm-none-linux-gnueabi.extras/host-libs-i686-pc-linux-gnu/usr --with-libelf=/scratch/jbrown/2013.05-arm-linux-release/obj/pkg-2013.05-24-arm-none-linux-gnueabi/arm-2013.05-24-arm-none-linux-gnueabi.extras/host-libs-i686-pc-linux-gnu/usr --disable-libgomp --disable-libitm --enable-poison-system-directories --with-build-time-tools=/scratch/jbrown/2013.05-arm-linux-release/install/arm-none-linux-gnueabi/bin --with-build-time-tools=/scratch/jbrown/2013.05-arm-linux-release/install/arm-none-linux-gnueabi/bin
Thread model: posix
gcc version 4.7.3 (Sourcery CodeBench Lite 2013.05-24) 
configure:4349: $? = 0
configure:4338: arm-linux-g++ -V >&5
arm-linux-g++: error: unrecognized command line option '-V'
arm-linux-g++: fatal error: no input files
compilation terminated.
configure:4349: $? = 1
configure:4338: arm-linux-g++ -qversion >&5
arm-linux-g++: error: unrecognized command line option '-qversion'
arm-linux-g++: fatal error: no input files
compilation terminated.
configure:4349: $? = 1
configure:4353: checking whether we are using the GNU C++ compiler
configure:4372: arm-linux-g++ -c   conftest.cpp >&5
configure:4372: $? = 0
configure:4381: result: yes
configure:4390: checking whether arm-linux-g++ accepts -g
configure:4410: arm-linux-g++ -c -g  conftest.cpp >&5
configure:4410: $? = 0
configure:4451: result: yes
configure:4476: checking dependency style of arm-linux-g++
configure:4587: result: gcc3
configure:4631: checking build system type
configure:4645: result: x86_64-pc-linux-gnu
configure:4665: checking host system type
configure:4678: result: arm-unknown-linux-gnu
configure:4719: checking how to print strings
configure:4746: result: printf
configure:4767: checking for a sed that does not truncate output
configure:4831: result: /bin/sed
configure:4849: checking for grep that handles long lines and -e
configure:4907: result: /bin/grep
configure:4912: checking for egrep
configure:4974: result: /bin/grep -E
configure:4979: checking for fgrep
configure:5041: result: /bin/grep -F
configure:5076: checking for ld used by arm-linux-gcc
configure:5143: result: /opt/arm-201305-gnueabi/arm-none-linux-gnueabi/bin/ld
configure:5150: checking if the linker (/opt/arm-201305-gnueabi/arm-none-linux-gnueabi/bin/ld) is GNU ld
configure:5165: result: yes
configure:5177: checking for BSD- or MS-compatible name lister (nm)
configure:5231: result: /opt/arm-201305-gnueabi/bin/arm-linux-nm -B
configure:5361: checking the name lister (/opt/arm-201305-gnueabi/bin/arm-linux-nm -B) interface
configure:5368: arm-linux-gcc -c -g -O2  conftest.c >&5
configure:5371: /opt/arm-201305-gnueabi/bin/arm-linux-nm -B "conftest.o"
configure:5374: output
00000000 B some_variable
configure:5381: result: BSD nm
configure:5384: checking whether ln -s works
configure:5388: result: yes
configure:5396: checking the maximum length of command line arguments
configure:5527: result: 1572864
configure:5575: checking how to convert x86_64-pc-linux-gnu file names to arm-unknown-linux-gnu format
configure:5615: result: func_convert_file_noop
configure:5622: checking how to convert x86_64-pc-linux-gnu file names to toolchain format
configure:5642: result: func_convert_file_noop
configure:5649: checking for /opt/arm-201305-gnueabi/arm-none-linux-gnueabi/bin/ld option to reload object files
configure:5656: result: -r
configure:5690: checking for arm-linux-objdump
configure:5706: found /opt/arm-201305-gnueabi/bin/arm-linux-objdump
configure:5717: result: arm-linux-objdump
configure:5789: checking how to recognize dependent libraries
configure:5989: result: pass_all
configure:6034: checking for arm-linux-dlltool
configure:6064: result: no
configure:6074: checking for dlltool
configure:6104: result: no
configure:6134: checking how to associate runtime and link libraries
configure:6161: result: printf %s\n
configure:6178: checking for arm-linux-ar
configure:6194: found /opt/arm-201305-gnueabi/bin/arm-linux-ar
configure:6205: result: arm-linux-ar
configure:6286: checking for archiver @FILE support
configure:6303: arm-linux-gcc -c -g -O2  conftest.c >&5
configure:6303: $? = 0
configure:6306: arm-linux-ar cru libconftest.a @conftest.lst >&5
configure:6309: $? = 0
configure:6314: arm-linux-ar cru libconftest.a @conftest.lst >&5
arm-linux-ar: conftest.o: No such file or directory
configure:6317: $? = 1
configure:6329: result: @
configure:6347: checking for arm-linux-strip
configure:6374: result: arm-linux-strip
configure:6446: checking for arm-linux-ranlib
configure:6462: found /opt/arm-201305-gnueabi/bin/arm-linux-ranlib
configure:6473: result: arm-linux-ranlib
configure:6615: checking command to parse /opt/arm-201305-gnueabi/bin/arm-linux-nm -B output from arm-linux-gcc object
configure:6768: arm-linux-gcc -c -g -O2  conftest.c >&5
configure:6771: $? = 0
configure:6775: /opt/arm-201305-gnueabi/bin/arm-linux-nm -B conftest.o \| sed -n -e 's/^.*[ ]\([ABCDGIRSTW][ABCDGIRSTW]*\)[ ][ ]*\([_A-Za-z][_A-Za-z0-9]*\)$/\1 \2 \2/p' | sed '/ __gnu_lto/d' \> conftest.nm
configure:6778: $? = 0
configure:6844: arm-linux-gcc -o conftest -g -O2   conftest.c conftstm.o >&5
configure:6847: $? = 0
configure:6885: result: ok
configure:6932: checking for sysroot
configure:6962: result: no
configure:6969: checking for a working dd
configure:7007: result: /bin/dd
configure:7011: checking how to truncate binary pipes
configure:7026: result: /bin/dd bs=4096 count=1
configure:7315: checking for arm-linux-mt
configure:7345: result: no
configure:7355: checking for mt
configure:7371: found /bin/mt
configure:7382: result: mt
configure:7394: WARNING: using cross tools not prefixed with host triplet
configure:7405: checking if mt is a manifest tool
configure:7411: mt '-?'
configure:7419: result: no
configure:8096: checking how to run the C preprocessor
configure:8127: arm-linux-gcc -E  conftest.c
configure:8127: $? = 0
configure:8141: arm-linux-gcc -E  conftest.c
conftest.c:11:28: fatal error: ac_nonexistent.h: No such file or directory
compilation terminated.
configure:8141: $? = 1
configure: failed program was:
| /* confdefs.h */
| #define PACKAGE_NAME "libusb-1.0"
| #define PACKAGE_TARNAME "libusb-1.0"
| #define PACKAGE_VERSION "1.0.23"
| #define PACKAGE_STRING "libusb-1.0 1.0.23"
| #define PACKAGE_BUGREPORT "libusb-devel@lists.sourceforge.net"
| #define PACKAGE_URL "http://libusb.info"
| #define PACKAGE "libusb-1.0"
| #define VERSION "1.0.23"
| /* end confdefs.h.  */
| #include <ac_nonexistent.h>
configure:8166: result: arm-linux-gcc -E
configure:8186: arm-linux-gcc -E  conftest.c
configure:8186: $? = 0
configure:8200: arm-linux-gcc -E  conftest.c
conftest.c:11:28: fatal error: ac_nonexistent.h: No such file or directory
compilation terminated.
configure:8200: $? = 1
configure: failed program was:
| /* confdefs.h */
| #define PACKAGE_NAME "libusb-1.0"
| #define PACKAGE_TARNAME "libusb-1.0"
| #define PACKAGE_VERSION "1.0.23"
| #define PACKAGE_STRING "libusb-1.0 1.0.23"
| #define PACKAGE_BUGREPORT "libusb-devel@lists.sourceforge.net"
| #define PACKAGE_URL "http://libusb.info"
| #define PACKAGE "libusb-1.0"
| #define VERSION "1.0.23"
| /* end confdefs.h.  */
| #include <ac_nonexistent.h>
configure:8229: checking for ANSI C header files
configure:8249: arm-linux-gcc -c -g -O2  conftest.c >&5
configure:8249: $? = 0
configure:8333: result: yes
configure:8346: checking for sys/types.h
configure:8346: arm-linux-gcc -c -g -O2  conftest.c >&5
configure:8346: $? = 0
configure:8346: result: yes
configure:8346: checking for sys/stat.h
configure:8346: arm-linux-gcc -c -g -O2  conftest.c >&5
configure:8346: $? = 0
configure:8346: result: yes
configure:8346: checking for stdlib.h
configure:8346: arm-linux-gcc -c -g -O2  conftest.c >&5
configure:8346: $? = 0
configure:8346: result: yes
configure:8346: checking for string.h
configure:8346: arm-linux-gcc -c -g -O2  conftest.c >&5
configure:8346: $? = 0
configure:8346: result: yes
configure:8346: checking for memory.h
configure:8346: arm-linux-gcc -c -g -O2  conftest.c >&5
configure:8346: $? = 0
configure:8346: result: yes
configure:8346: checking for strings.h
configure:8346: arm-linux-gcc -c -g -O2  conftest.c >&5
configure:8346: $? = 0
configure:8346: result: yes
configure:8346: checking for inttypes.h
configure:8346: arm-linux-gcc -c -g -O2  conftest.c >&5
configure:8346: $? = 0
configure:8346: result: yes
configure:8346: checking for stdint.h
configure:8346: arm-linux-gcc -c -g -O2  conftest.c >&5
configure:8346: $? = 0
configure:8346: result: yes
configure:8346: checking for unistd.h
configure:8346: arm-linux-gcc -c -g -O2  conftest.c >&5
configure:8346: $? = 0
configure:8346: result: yes
configure:8360: checking for dlfcn.h
configure:8360: arm-linux-gcc -c -g -O2  conftest.c >&5
configure:8360: $? = 0
configure:8360: result: yes
configure:8627: checking for objdir
configure:8642: result: .libs
configure:8906: checking if arm-linux-gcc supports -fno-rtti -fno-exceptions
configure:8924: arm-linux-gcc -c -g -O2  -fno-rtti -fno-exceptions conftest.c >&5
cc1: warning: command line option '-fno-rtti' is valid for C++/ObjC++ but not for C [enabled by default]
configure:8928: $? = 0
configure:8941: result: no
configure:9299: checking for arm-linux-gcc option to produce PIC
configure:9306: result: -fPIC -DPIC
configure:9314: checking if arm-linux-gcc PIC flag -fPIC -DPIC works
configure:9332: arm-linux-gcc -c -g -O2  -fPIC -DPIC -DPIC conftest.c >&5
configure:9336: $? = 0
configure:9349: result: yes
configure:9378: checking if arm-linux-gcc static flag -static works
configure:9406: result: yes
configure:9421: checking if arm-linux-gcc supports -c -o file.o
configure:9442: arm-linux-gcc -c -g -O2  -o out/conftest2.o conftest.c >&5
configure:9446: $? = 0
configure:9468: result: yes
configure:9476: checking if arm-linux-gcc supports -c -o file.o
configure:9523: result: yes
configure:9556: checking whether the arm-linux-gcc linker (/opt/arm-201305-gnueabi/arm-none-linux-gnueabi/bin/ld) supports shared libraries
configure:10819: result: yes
configure:10856: checking whether -lc should be explicitly linked in
configure:10864: arm-linux-gcc -c -g -O2  conftest.c >&5
configure:10867: $? = 0
configure:10882: arm-linux-gcc -shared  -fPIC -DPIC conftest.o  -v -Wl,-soname -Wl,conftest -o conftest 2\>\&1 \| /bin/grep  -lc  \>/dev/null 2\>\&1
configure:10885: $? = 0
configure:10899: result: no
configure:11059: checking dynamic linker characteristics
configure:11640: arm-linux-gcc -o conftest -g -O2   -Wl,-rpath -Wl,/foo conftest.c  >&5
configure:11640: $? = 0
configure:11889: result: GNU/Linux ld.so
configure:12011: checking how to hardcode library paths into programs
configure:12036: result: immediate
configure:12584: checking whether stripping libraries is possible
configure:12589: result: yes
configure:12624: checking if libtool supports shared libraries
configure:12626: result: yes
configure:12629: checking whether to build shared libraries
configure:12654: result: yes
configure:12657: checking whether to build static libraries
configure:12661: result: yes
configure:12684: checking how to run the C++ preprocessor
configure:12711: arm-linux-g++ -E  conftest.cpp
configure:12711: $? = 0
configure:12725: arm-linux-g++ -E  conftest.cpp
conftest.cpp:23:28: fatal error: ac_nonexistent.h: No such file or directory
compilation terminated.
configure:12725: $? = 1
configure: failed program was:
| /* confdefs.h */
| #define PACKAGE_NAME "libusb-1.0"
| #define PACKAGE_TARNAME "libusb-1.0"
| #define PACKAGE_VERSION "1.0.23"
| #define PACKAGE_STRING "libusb-1.0 1.0.23"
| #define PACKAGE_BUGREPORT "libusb-devel@lists.sourceforge.net"
| #define PACKAGE_URL "http://libusb.info"
| #define PACKAGE "libusb-1.0"
| #define VERSION "1.0.23"
| #define STDC_HEADERS 1
| #define HAVE_SYS_TYPES_H 1
| #define HAVE_SYS_STAT_H 1
| #define HAVE_STDLIB_H 1
| #define HAVE_STRING_H 1
| #define HAVE_MEMORY_H 1
| #define HAVE_STRINGS_H 1
| #define HAVE_INTTYPES_H 1
| #define HAVE_STDINT_H 1
| #define HAVE_UNISTD_H 1
| #define HAVE_DLFCN_H 1
| #define LT_OBJDIR ".libs/"
| /* end confdefs.h.  */
| #include <ac_nonexistent.h>
configure:12750: result: arm-linux-g++ -E
configure:12770: arm-linux-g++ -E  conftest.cpp
configure:12770: $? = 0
configure:12784: arm-linux-g++ -E  conftest.cpp
conftest.cpp:23:28: fatal error: ac_nonexistent.h: No such file or directory
compilation terminated.
configure:12784: $? = 1
configure: failed program was:
| /* confdefs.h */
| #define PACKAGE_NAME "libusb-1.0"
| #define PACKAGE_TARNAME "libusb-1.0"
| #define PACKAGE_VERSION "1.0.23"
| #define PACKAGE_STRING "libusb-1.0 1.0.23"
| #define PACKAGE_BUGREPORT "libusb-devel@lists.sourceforge.net"
| #define PACKAGE_URL "http://libusb.info"
| #define PACKAGE "libusb-1.0"
| #define VERSION "1.0.23"
| #define STDC_HEADERS 1
| #define HAVE_SYS_TYPES_H 1
| #define HAVE_SYS_STAT_H 1
| #define HAVE_STDLIB_H 1
| #define HAVE_STRING_H 1
| #define HAVE_MEMORY_H 1
| #define HAVE_STRINGS_H 1
| #define HAVE_INTTYPES_H 1
| #define HAVE_STDINT_H 1
| #define HAVE_UNISTD_H 1
| #define HAVE_DLFCN_H 1
| #define LT_OBJDIR ".libs/"
| /* end confdefs.h.  */
| #include <ac_nonexistent.h>
configure:12946: checking for ld used by arm-linux-g++
configure:13013: result: /opt/arm-201305-gnueabi/arm-none-linux-gnueabi/bin/ld
configure:13020: checking if the linker (/opt/arm-201305-gnueabi/arm-none-linux-gnueabi/bin/ld) is GNU ld
configure:13035: result: yes
configure:13090: checking whether the arm-linux-g++ linker (/opt/arm-201305-gnueabi/arm-none-linux-gnueabi/bin/ld) supports shared libraries
configure:14163: result: yes
configure:14199: arm-linux-g++ -c -g -O2  conftest.cpp >&5
configure:14202: $? = 0
configure:14683: checking for arm-linux-g++ option to produce PIC
configure:14690: result: -fPIC -DPIC
configure:14698: checking if arm-linux-g++ PIC flag -fPIC -DPIC works
configure:14716: arm-linux-g++ -c -g -O2  -fPIC -DPIC -DPIC conftest.cpp >&5
configure:14720: $? = 0
configure:14733: result: yes
configure:14756: checking if arm-linux-g++ static flag -static works
configure:14784: result: yes
configure:14796: checking if arm-linux-g++ supports -c -o file.o
configure:14817: arm-linux-g++ -c -g -O2  -o out/conftest2.o conftest.cpp >&5
configure:14821: $? = 0
configure:14843: result: yes
configure:14848: checking if arm-linux-g++ supports -c -o file.o
configure:14895: result: yes
configure:14925: checking whether the arm-linux-g++ linker (/opt/arm-201305-gnueabi/arm-none-linux-gnueabi/bin/ld) supports shared libraries
configure:14968: result: yes
configure:15109: checking dynamic linker characteristics
configure:15866: result: GNU/Linux ld.so
configure:15931: checking how to hardcode library paths into programs
configure:15956: result: immediate
configure:16020: checking for arm-linux-windres
configure:16050: result: no
configure:16060: checking for windres
configure:16090: result: no
configure:16187: checking for inline
configure:16203: arm-linux-gcc -c -g -O2  conftest.c >&5
configure:16203: $? = 0
configure:16211: result: inline
configure:16236: checking operating system
configure:16261: result: Linux
configure:16334: checking for library containing clock_gettime
configure:16365: arm-linux-gcc -o conftest -g -O2   conftest.c  >&5
configure:16365: $? = 0
configure:16382: result: none required
configure:16456: checking asm/types.h usability
configure:16456: arm-linux-gcc -c -g -O2  conftest.c >&5
configure:16456: $? = 0
configure:16456: result: yes
configure:16456: checking asm/types.h presence
configure:16456: arm-linux-gcc -E  conftest.c
configure:16456: $? = 0
configure:16456: result: yes
configure:16456: checking for asm/types.h
configure:16456: result: yes
configure:16466: checking linux/netlink.h usability
configure:16466: arm-linux-gcc -c -g -O2  conftest.c >&5
configure:16466: $? = 0
configure:16466: result: yes
configure:16466: checking linux/netlink.h presence
configure:16466: arm-linux-gcc -E  conftest.c
configure:16466: $? = 0
configure:16466: result: yes
configure:16466: checking for linux/netlink.h
configure:16466: result: yes
configure:16474: checking sys/socket.h usability
configure:16474: arm-linux-gcc -c -g -O2  conftest.c >&5
configure:16474: $? = 0
configure:16474: result: yes
configure:16474: checking sys/socket.h presence
configure:16474: arm-linux-gcc -E  conftest.c
configure:16474: $? = 0
configure:16474: result: yes
configure:16474: checking for sys/socket.h
configure:16474: result: yes
configure:16489: checking for pthread_setname_np
configure:16489: arm-linux-gcc -o conftest -g -O2   conftest.c  -pthread >&5
configure:16489: $? = 0
configure:16489: result: yes
configure:16672: checking for nfds_t
configure:16672: arm-linux-gcc -c -g -O2  conftest.c >&5
configure:16672: $? = 0
configure:16672: arm-linux-gcc -c -g -O2  conftest.c >&5
conftest.c: In function 'main':
conftest.c:33:21: error: expected expression before ')' token
configure:16672: $? = 1
configure: failed program was:
| /* confdefs.h */
| #define PACKAGE_NAME "libusb-1.0"
| #define PACKAGE_TARNAME "libusb-1.0"
| #define PACKAGE_VERSION "1.0.23"
| #define PACKAGE_STRING "libusb-1.0 1.0.23"
| #define PACKAGE_BUGREPORT "libusb-devel@lists.sourceforge.net"
| #define PACKAGE_URL "http://libusb.info"
| #define PACKAGE "libusb-1.0"
| #define VERSION "1.0.23"
| #define STDC_HEADERS 1
| #define HAVE_SYS_TYPES_H 1
| #define HAVE_SYS_STAT_H 1
| #define HAVE_STDLIB_H 1
| #define HAVE_STRING_H 1
| #define HAVE_MEMORY_H 1
| #define HAVE_STRINGS_H 1
| #define HAVE_INTTYPES_H 1
| #define HAVE_STDINT_H 1
| #define HAVE_UNISTD_H 1
| #define HAVE_DLFCN_H 1
| #define LT_OBJDIR ".libs/"
| #define _GNU_SOURCE 1
| #define OS_LINUX 1
| #define HAVE_ASM_TYPES_H 1
| #define HAVE_PTHREAD_SETNAME_NP 1
| #define POLL_POSIX 1
| /* end confdefs.h.  */
| #include <poll.h>
| 
| int
| main ()
| {
| if (sizeof ((nfds_t)))
| 	    return 0;
|   ;
|   return 0;
| }
configure:16672: result: yes
configure:16685: checking for pipe2
configure:16685: arm-linux-gcc -o conftest -g -O2   conftest.c  -pthread >&5
configure:16685: $? = 0
configure:16685: result: yes
configure:16716: checking sys/time.h usability
configure:16716: arm-linux-gcc -c -g -O2  conftest.c >&5
configure:16716: $? = 0
configure:16716: result: yes
configure:16716: checking sys/time.h presence
configure:16716: arm-linux-gcc -E  conftest.c
configure:16716: $? = 0
configure:16716: result: yes
configure:16716: checking for sys/time.h
configure:16716: result: yes
configure:16729: checking for clock_gettime
configure:16729: arm-linux-gcc -o conftest -g -O2   conftest.c  -pthread >&5
configure:16729: $? = 0
configure:16729: result: yes
configure:16741: checking whether CLOCK_REALTIME is declared
configure:16741: arm-linux-gcc -c -g -O2  conftest.c >&5
configure:16741: $? = 0
configure:16741: result: yes
configure:16749: checking whether CLOCK_MONOTONIC is declared
configure:16749: arm-linux-gcc -c -g -O2  conftest.c >&5
configure:16749: $? = 0
configure:16749: result: yes
configure:16770: checking sys/timerfd.h usability
configure:16770: arm-linux-gcc -c -g -O2  conftest.c >&5
configure:16770: $? = 0
configure:16770: result: yes
configure:16770: checking sys/timerfd.h presence
configure:16770: arm-linux-gcc -E  conftest.c
configure:16770: $? = 0
configure:16770: result: yes
configure:16770: checking for sys/timerfd.h
configure:16770: result: yes
configure:16779: checking whether TFD_NONBLOCK is declared
configure:16779: arm-linux-gcc -c -g -O2  conftest.c >&5
configure:16779: $? = 0
configure:16779: result: yes
configure:16795: checking whether TFD_CLOEXEC is declared
configure:16795: arm-linux-gcc -c -g -O2  conftest.c >&5
configure:16795: $? = 0
configure:16795: result: yes
configure:16813: checking for timerfd_create
configure:16813: arm-linux-gcc -o conftest -g -O2   conftest.c  -pthread >&5
configure:16813: $? = 0
configure:16813: result: yes
configure:16834: checking whether to use timerfd for timing
configure:16849: result: yes
configure:16979: arm-linux-gcc -c -g -O2 -Werror -fvisibility=hidden  conftest.c >&5
configure:16979: $? = 0
configure:17006: arm-linux-gcc -c -g -O2 -Wno-pointer-sign  conftest.c >&5
configure:17006: $? = 0
configure:17016: checking whether CC supports -std=gnu11
configure:17029: arm-linux-gcc -c -std=gnu11  conftest.c >&5
configure:17029: $? = 0
configure:17030: result: yes
configure:17045: checking whether CC supports _Thread_local
configure:17058: arm-linux-gcc -o conftest -g -O2 -fPIC   -shared conftest.c  -pthread >&5
conftest.c: In function 'main':
conftest.c:42:22: error: expected '=', ',', ';', 'asm' or '__attribute__' before 'int'
configure:17058: $? = 1
configure: failed program was:
| /* confdefs.h */
| #define PACKAGE_NAME "libusb-1.0"
| #define PACKAGE_TARNAME "libusb-1.0"
| #define PACKAGE_VERSION "1.0.23"
| #define PACKAGE_STRING "libusb-1.0 1.0.23"
| #define PACKAGE_BUGREPORT "libusb-devel@lists.sourceforge.net"
| #define PACKAGE_URL "http://libusb.info"
| #define PACKAGE "libusb-1.0"
| #define VERSION "1.0.23"
| #define STDC_HEADERS 1
| #define HAVE_SYS_TYPES_H 1
| #define HAVE_SYS_STAT_H 1
| #define HAVE_STDLIB_H 1
| #define HAVE_STRING_H 1
| #define HAVE_MEMORY_H 1
| #define HAVE_STRINGS_H 1
| #define HAVE_INTTYPES_H 1
| #define HAVE_STDINT_H 1
| #define HAVE_UNISTD_H 1
| #define HAVE_DLFCN_H 1
| #define LT_OBJDIR ".libs/"
| #define _GNU_SOURCE 1
| #define OS_LINUX 1
| #define HAVE_ASM_TYPES_H 1
| #define HAVE_PTHREAD_SETNAME_NP 1
| #define POLL_POSIX 1
| #define HAVE_NFDS_T 1
| #define HAVE_PIPE2 1
| #define THREADS_POSIX 1
| #define HAVE_SYS_TIME_H 1
| #define HAVE_CLOCK_GETTIME 1
| #define HAVE_DECL_TFD_NONBLOCK 1
| #define HAVE_DECL_TFD_CLOEXEC 1
| #define HAVE_TIMERFD 1
| #define ENABLE_LOGGING 1
| #define DEFAULT_VISIBILITY __attribute__((visibility("default")))
| /* end confdefs.h.  */
| 
| int
| main ()
| {
| static _Thread_local int v
|   ;
|   return 0;
| }
configure:17065: result: no
configure:17205: checking that generated files are newer than configure
configure:17211: result: done
configure:17306: creating ./config.status

## ---------------- ##
## Cache variables. ##
## ---------------- ##

ac_cv_build=x86_64-pc-linux-gnu
ac_cv_c_compiler_gnu=yes
ac_cv_c_inline=inline
ac_cv_cxx_compiler_gnu=yes
ac_cv_env_CCC_set=
ac_cv_env_CCC_value=
ac_cv_env_CC_set=set
ac_cv_env_CC_value=arm-linux-gcc
ac_cv_env_CFLAGS_set=
ac_cv_env_CFLAGS_value=
ac_cv_env_CPPFLAGS_set=
ac_cv_env_CPPFLAGS_value=
ac_cv_env_CPP_set=
ac_cv_env_CPP_value=
ac_cv_env_CXXCPP_set=
ac_cv_env_CXXCPP_value=
ac_cv_env_CXXFLAGS_set=
ac_cv_env_CXXFLAGS_value=
ac_cv_env_CXX_set=set
ac_cv_env_CXX_value=arm-linux-g++
ac_cv_env_LDFLAGS_set=
ac_cv_env_LDFLAGS_value=
ac_cv_env_LIBS_set=
ac_cv_env_LIBS_value=
ac_cv_env_LT_SYS_LIBRARY_PATH_set=
ac_cv_env_LT_SYS_LIBRARY_PATH_value=
ac_cv_env_build_alias_set=
ac_cv_env_build_alias_value=
ac_cv_env_host_alias_set=set
ac_cv_env_host_alias_value=arm-linux
ac_cv_env_target_alias_set=
ac_cv_env_target_alias_value=
ac_cv_func_clock_gettime=yes
ac_cv_func_pipe2=yes
ac_cv_func_pthread_setname_np=yes
ac_cv_func_timerfd_create=yes
ac_cv_have_decl_CLOCK_MONOTONIC=yes
ac_cv_have_decl_CLOCK_REALTIME=yes
ac_cv_have_decl_TFD_CLOEXEC=yes
ac_cv_have_decl_TFD_NONBLOCK=yes
ac_cv_header_asm_types_h=yes
ac_cv_header_dlfcn_h=yes
ac_cv_header_inttypes_h=yes
ac_cv_header_linux_netlink_h=yes
ac_cv_header_memory_h=yes
ac_cv_header_stdc=yes
ac_cv_header_stdint_h=yes
ac_cv_header_stdlib_h=yes
ac_cv_header_string_h=yes
ac_cv_header_strings_h=yes
ac_cv_header_sys_socket_h=yes
ac_cv_header_sys_stat_h=yes
ac_cv_header_sys_time_h=yes
ac_cv_header_sys_timerfd_h=yes
ac_cv_header_sys_types_h=yes
ac_cv_header_unistd_h=yes
ac_cv_host=arm-unknown-linux-gnu
ac_cv_objext=o
ac_cv_path_EGREP='/bin/grep -E'
ac_cv_path_FGREP='/bin/grep -F'
ac_cv_path_GREP=/bin/grep
ac_cv_path_SED=/bin/sed
ac_cv_path_install='/usr/bin/install -c'
ac_cv_path_lt_DD=/bin/dd
ac_cv_path_mkdir=/bin/mkdir
ac_cv_prog_AR=arm-linux-ar
ac_cv_prog_AWK=gawk
ac_cv_prog_CC=arm-linux-gcc
ac_cv_prog_CPP='arm-linux-gcc -E'
ac_cv_prog_CXXCPP='arm-linux-g++ -E'
ac_cv_prog_OBJDUMP=arm-linux-objdump
ac_cv_prog_RANLIB=arm-linux-ranlib
ac_cv_prog_STRIP=arm-linux-strip
ac_cv_prog_ac_ct_MANIFEST_TOOL=mt
ac_cv_prog_cc_c89=
ac_cv_prog_cc_g=yes
ac_cv_prog_cxx_g=yes
ac_cv_prog_make_make_set=yes
ac_cv_search_clock_gettime='none required'
ac_cv_type_nfds_t=yes
am_cv_CC_dependencies_compiler_type=gcc3
am_cv_CXX_dependencies_compiler_type=gcc3
am_cv_make_support_nested_variables=yes
am_cv_prog_cc_c_o=yes
lt_cv_ar_at_file=@
lt_cv_archive_cmds_need_lc=no
lt_cv_deplibs_check_method=pass_all
lt_cv_file_magic_cmd='$MAGIC_CMD'
lt_cv_file_magic_test_file=
lt_cv_ld_reload_flag=-r
lt_cv_nm_interface='BSD nm'
lt_cv_objdir=.libs
lt_cv_path_LD=/opt/arm-201305-gnueabi/arm-none-linux-gnueabi/bin/ld
lt_cv_path_LDCXX=/opt/arm-201305-gnueabi/arm-none-linux-gnueabi/bin/ld
lt_cv_path_NM='/opt/arm-201305-gnueabi/bin/arm-linux-nm -B'
lt_cv_path_mainfest_tool=no
lt_cv_prog_compiler_c_o=yes
lt_cv_prog_compiler_c_o_CXX=yes
lt_cv_prog_compiler_c_o_RC=yes
lt_cv_prog_compiler_pic='-fPIC -DPIC'
lt_cv_prog_compiler_pic_CXX='-fPIC -DPIC'
lt_cv_prog_compiler_pic_works=yes
lt_cv_prog_compiler_pic_works_CXX=yes
lt_cv_prog_compiler_rtti_exceptions=no
lt_cv_prog_compiler_static_works=yes
lt_cv_prog_compiler_static_works_CXX=yes
lt_cv_prog_gnu_ld=yes
lt_cv_prog_gnu_ldcxx=yes
lt_cv_sharedlib_from_linklib_cmd='printf %s\n'
lt_cv_shlibpath_overrides_runpath=no
lt_cv_sys_global_symbol_pipe='sed -n -e '\''s/^.*[	 ]\([ABCDGIRSTW][ABCDGIRSTW]*\)[	 ][	 ]*\([_A-Za-z][_A-Za-z0-9]*\)$/\1 \2 \2/p'\'' | sed '\''/ __gnu_lto/d'\'''
lt_cv_sys_global_symbol_to_c_name_address='sed -n -e '\''s/^: \(.*\) .*$/  {"\1", (void *) 0},/p'\'' -e '\''s/^[ABCDGIRSTW][ABCDGIRSTW]* .* \(.*\)$/  {"\1", (void *) \&\1},/p'\'''
lt_cv_sys_global_symbol_to_c_name_address_lib_prefix='sed -n -e '\''s/^: \(.*\) .*$/  {"\1", (void *) 0},/p'\'' -e '\''s/^[ABCDGIRSTW][ABCDGIRSTW]* .* \(lib.*\)$/  {"\1", (void *) \&\1},/p'\'' -e '\''s/^[ABCDGIRSTW][ABCDGIRSTW]* .* \(.*\)$/  {"lib\1", (void *) \&\1},/p'\'''
lt_cv_sys_global_symbol_to_cdecl='sed -n -e '\''s/^T .* \(.*\)$/extern int \1();/p'\'' -e '\''s/^[ABCDGIRSTW][ABCDGIRSTW]* .* \(.*\)$/extern char \1;/p'\'''
lt_cv_sys_global_symbol_to_import=
lt_cv_sys_max_cmd_len=1572864
lt_cv_to_host_file_cmd=func_convert_file_noop
lt_cv_to_tool_file_cmd=func_convert_file_noop
lt_cv_truncate_bin='/bin/dd bs=4096 count=1'

## ----------------- ##
## Output variables. ##
## ----------------- ##

ACLOCAL='${SHELL} /home/psm/work/code-refrence/Linux_Systerm/ccid/libusb-1.0.23/missing aclocal-1.15'
AMDEPBACKSLASH='\'
AMDEP_FALSE='#'
AMDEP_TRUE=''
AMTAR='$${TAR-tar}'
AM_BACKSLASH='\'
AM_CFLAGS=' -std=gnu11 -Wall -Wundef -Wunused -Wstrict-prototypes -Werror-implicit-function-declaration -Wno-pointer-sign -Wshadow -pthread -fvisibility=hidden'
AM_DEFAULT_V='$(AM_DEFAULT_VERBOSITY)'
AM_DEFAULT_VERBOSITY='0'
AM_V='$(V)'
AR='arm-linux-ar'
AUTOCONF='${SHELL} /home/psm/work/code-refrence/Linux_Systerm/ccid/libusb-1.0.23/missing autoconf'
AUTOHEADER='${SHELL} /home/psm/work/code-refrence/Linux_Systerm/ccid/libusb-1.0.23/missing autoheader'
AUTOMAKE='${SHELL} /home/psm/work/code-refrence/Linux_Systerm/ccid/libusb-1.0.23/missing automake-1.15'
AWK='gawk'
BUILD_EXAMPLES_FALSE=''
BUILD_EXAMPLES_TRUE='#'
BUILD_TESTS_FALSE=''
BUILD_TESTS_TRUE='#'
CC='arm-linux-gcc'
CCDEPMODE='depmode=gcc3'
CFLAGS='-g -O2'
CPP='arm-linux-gcc -E'
CPPFLAGS=''
CREATE_IMPORT_LIB_FALSE=''
CREATE_IMPORT_LIB_TRUE='#'
CXX='arm-linux-g++'
CXXCPP='arm-linux-g++ -E'
CXXDEPMODE='depmode=gcc3'
CXXFLAGS='-g -O2'
CYGPATH_W='echo'
DEFS='-DHAVE_CONFIG_H'
DEPDIR='.deps'
DLLTOOL='false'
DOXYGEN_HTMLDIR='api-1.0'
DSYMUTIL=''
DUMPBIN=''
ECHO_C=''
ECHO_N='-n'
ECHO_T=''
EGREP='/bin/grep -E'
EXEEXT=''
FGREP='/bin/grep -F'
GREP='/bin/grep'
HAVE_SIGACTION_FALSE=''
HAVE_SIGACTION_TRUE='#'
INSTALL_DATA='${INSTALL} -m 644'
INSTALL_PROGRAM='${INSTALL}'
INSTALL_SCRIPT='${INSTALL}'
INSTALL_STRIP_PROGRAM='$(install_sh) -c -s'
LD='/opt/arm-201305-gnueabi/arm-none-linux-gnueabi/bin/ld'
LDFLAGS=''
LIBOBJS=''
LIBS=' -pthread'
LIBTOOL='$(SHELL) $(top_builddir)/libtool'
LIPO=''
LN_S='ln -s'
LTLDFLAGS='-version-info 2:0:2 -no-undefined'
LTLIBOBJS=''
LT_SYS_LIBRARY_PATH=''
MAKEINFO='${SHELL} /home/psm/work/code-refrence/Linux_Systerm/ccid/libusb-1.0.23/missing makeinfo'
MANIFEST_TOOL=':'
MKDIR_P='/bin/mkdir -p'
NM='/opt/arm-201305-gnueabi/bin/arm-linux-nm -B'
NMEDIT=''
OBJDUMP='arm-linux-objdump'
OBJEXT='o'
OS_DARWIN_FALSE=''
OS_DARWIN_TRUE='#'
OS_HAIKU_FALSE=''
OS_HAIKU_TRUE='#'
OS_LINUX_FALSE='#'
OS_LINUX_TRUE=''
OS_NETBSD_FALSE=''
OS_NETBSD_TRUE='#'
OS_NULL_FALSE=''
OS_NULL_TRUE='#'
OS_OPENBSD_FALSE=''
OS_OPENBSD_TRUE='#'
OS_SUNOS_FALSE=''
OS_SUNOS_TRUE='#'
OS_WINDOWS_FALSE=''
OS_WINDOWS_TRUE='#'
OTOOL64=''
OTOOL=''
PACKAGE='libusb-1.0'
PACKAGE_BUGREPORT='libusb-devel@lists.sourceforge.net'
PACKAGE_NAME='libusb'
PACKAGE_STRING='libusb-1.0 1.0.23'
PACKAGE_TARNAME='libusb-1.0'
PACKAGE_URL='http://libusb.info'
PACKAGE_VERSION='1.0.23'
PATH_SEPARATOR=':'
POLL_POSIX_FALSE='#'
POLL_POSIX_TRUE=''
POLL_WINDOWS_FALSE=''
POLL_WINDOWS_TRUE='#'
RANLIB='arm-linux-ranlib'
RC=''
SED='/bin/sed'
SET_MAKE=''
SHELL='/bin/bash'
STRIP='arm-linux-strip'
THREADS_POSIX_FALSE='#'
THREADS_POSIX_TRUE=''
THREADS_WINDOWS_FALSE=''
THREADS_WINDOWS_TRUE='#'
USE_UDEV_FALSE=''
USE_UDEV_TRUE='#'
VERSION='1.0.23'
ac_ct_AR=''
ac_ct_CC=''
ac_ct_CXX=''
ac_ct_DUMPBIN=''
am__EXEEXT_FALSE=''
am__EXEEXT_TRUE='#'
am__fastdepCC_FALSE='#'
am__fastdepCC_TRUE=''
am__fastdepCXX_FALSE='#'
am__fastdepCXX_TRUE=''
am__include='include'
am__isrc=''
am__leading_dot='.'
am__nodep='_no'
am__quote=''
am__tar='$${TAR-tar} chof - "$$tardir"'
am__untar='$${TAR-tar} xf -'
bindir='${exec_prefix}/bin'
build='x86_64-pc-linux-gnu'
build_alias=''
build_cpu='x86_64'
build_os='linux-gnu'
build_vendor='pc'
datadir='${datarootdir}'
datarootdir='${prefix}/share'
docdir='${datarootdir}/doc/${PACKAGE_TARNAME}'
dvidir='${docdir}'
exec_prefix='${prefix}'
host='arm-unknown-linux-gnu'
host_alias='arm-linux'
host_cpu='arm'
host_os='linux-gnu'
host_vendor='unknown'
htmldir='${docdir}'
includedir='${prefix}/include'
infodir='${datarootdir}/info'
install_sh='${SHELL} /home/psm/work/code-refrence/Linux_Systerm/ccid/libusb-1.0.23/install-sh'
libdir='${exec_prefix}/lib'
libexecdir='${exec_prefix}/libexec'
localedir='${datarootdir}/locale'
localstatedir='${prefix}/var'
mandir='${datarootdir}/man'
mkdir_p='$(MKDIR_P)'
oldincludedir='/usr/include'
pdfdir='${docdir}'
prefix='/home/psm/work/code-refrence/Linux_Systerm/ccid/libusb-1.0.23/../output'
program_transform_name='s,x,x,'
psdir='${docdir}'
runstatedir='${localstatedir}/run'
sbindir='${exec_prefix}/sbin'
sharedstatedir='${prefix}/com'
sysconfdir='${prefix}/etc'
target_alias=''

## ----------- ##
## confdefs.h. ##
## ----------- ##

/* confdefs.h */
#define PACKAGE_NAME "libusb-1.0"
#define PACKAGE_TARNAME "libusb-1.0"
#define PACKAGE_VERSION "1.0.23"
#define PACKAGE_STRING "libusb-1.0 1.0.23"
#define PACKAGE_BUGREPORT "libusb-devel@lists.sourceforge.net"
#define PACKAGE_URL "http://libusb.info"
#define PACKAGE "libusb-1.0"
#define VERSION "1.0.23"
#define STDC_HEADERS 1
#define HAVE_SYS_TYPES_H 1
#define HAVE_SYS_STAT_H 1
#define HAVE_STDLIB_H 1
#define HAVE_STRING_H 1
#define HAVE_MEMORY_H 1
#define HAVE_STRINGS_H 1
#define HAVE_INTTYPES_H 1
#define HAVE_STDINT_H 1
#define HAVE_UNISTD_H 1
#define HAVE_DLFCN_H 1
#define LT_OBJDIR ".libs/"
#define _GNU_SOURCE 1
#define OS_LINUX 1
#define HAVE_ASM_TYPES_H 1
#define HAVE_PTHREAD_SETNAME_NP 1
#define POLL_POSIX 1
#define HAVE_NFDS_T 1
#define HAVE_PIPE2 1
#define THREADS_POSIX 1
#define HAVE_SYS_TIME_H 1
#define HAVE_CLOCK_GETTIME 1
#define HAVE_DECL_TFD_NONBLOCK 1
#define HAVE_DECL_TFD_CLOEXEC 1
#define HAVE_TIMERFD 1
#define ENABLE_LOGGING 1
#define DEFAULT_VISIBILITY __attribute__((visibility("default")))

configure: exit 0

## ---------------------- ##
## Running config.status. ##
## ---------------------- ##

This file was extended by libusb-1.0 config.status 1.0.23, which was
generated by GNU Autoconf 2.69.  Invocation command line was

  CONFIG_FILES    = 
  CONFIG_HEADERS  = 
  CONFIG_LINKS    = 
  CONFIG_COMMANDS = 
  $ ./config.status 

on ubuntu

config.status:1257: creating libusb-1.0.pc
config.status:1257: creating Makefile
config.status:1257: creating libusb/Makefile
config.status:1257: creating examples/Makefile
config.status:1257: creating tests/Makefile
config.status:1257: creating doc/Makefile
config.status:1257: creating doc/doxygen.cfg
config.status:1257: creating config.h
config.status:1486: executing depfiles commands
config.status:1486: executing libtool commands
