This file contains any messages produced by compilers while
running configure, to aid debugging if configure makes a mistake.

It was created by pcsc-lite configure 1.8.23, which was
generated by GNU Autoconf 2.69.  Invocation command line was

  $ ./configure CC=arm-linux-gcc --host=arm-linux --prefix=/home/psm/work/code-refrence/Linux_Systerm/ccid/pcsc-lite-1.8.23/../output --disable-libudev --enable-libusb LIBUSB_LIBS=-L/home/psm/work/code-refrence/Linux_Systerm/ccid/pcsc-lite-1.8.23/../output/lib -lusb-1.0 LIBUSB_CFLAGS=-I /home/psm/work/code-refrence/Linux_Systerm/ccid/pcsc-lite-1.8.23/../output/include/libusb-1.0 --enable-static --disable-libsystemd

## --------- ##
## Platform. ##
## --------- ##

hostname = ubuntu
uname -m = x86_64
uname -r = 5.4.0-47-generic
uname -s = Linux
uname -v = #51~18.04.1-Ubuntu SMP Sat Sep 5 14:35:50 UTC 2020

/usr/bin/uname -p = unknown
/bin/uname -X     = unknown

/bin/arch              = unknown
/usr/bin/arch -k       = unknown
/usr/convex/getsysinfo = unknown
/usr/bin/hostinfo      = unknown
/bin/machine           = unknown
/usr/bin/oslevel       = unknown
/bin/universe          = unknown

PATH: /opt/gcc-linaro-5.3.1-2016.05-x86_64_arm-linux-gnueabihf/bin
PATH: /opt/gcc-linaro-4.6.3-gnueabi/bin
PATH: /usr/local/sbin
PATH: /usr/local/bin
PATH: /usr/sbin
PATH: /usr/bin
PATH: /sbin
PATH: /bin
PATH: /usr/games
PATH: /usr/local/games
PATH: /snap/bin


## ----------- ##
## Core tests. ##
## ----------- ##

configure:2488: checking for a BSD-compatible install
configure:2556: result: /usr/bin/install -c
configure:2567: checking whether build environment is sane
configure:2622: result: yes
configure:2681: checking for arm-linux-strip
configure:2697: found /opt/gcc-linaro-5.3.1-2016.05-x86_64_arm-linux-gnueabihf/bin/arm-linux-strip
configure:2708: result: arm-linux-strip
configure:2773: checking for a thread-safe mkdir -p
configure:2812: result: /bin/mkdir -p
configure:2819: checking for gawk
configure:2835: found /usr/bin/gawk
configure:2846: result: gawk
configure:2857: checking whether make sets $(MAKE)
configure:2879: result: yes
configure:2908: checking whether make supports nested variables
configure:2925: result: yes
configure:3067: checking whether make supports nested variables
configure:3084: result: yes
configure:3100: checking build system type
configure:3114: result: x86_64-pc-linux-gnu
configure:3134: checking host system type
configure:3147: result: arm-unknown-linux-gnu
configure:3175: checking for arm-linux-gcc
configure:3202: result: arm-linux-gcc
configure:3471: checking for C compiler version
configure:3480: arm-linux-gcc --version >&5
arm-linux-gcc (Linaro GCC 5.3-2016.05) 5.3.1 20160412
Copyright (C) 2015 Free Software Foundation, Inc.
This is free software; see the source for copying conditions.  There is NO
warranty; not even for MERCHANTABILITY or FITNESS FOR A PARTICULAR PURPOSE.

configure:3491: $? = 0
configure:3480: arm-linux-gcc -v >&5
Using built-in specs.
COLLECT_GCC=arm-linux-gcc
COLLECT_LTO_WRAPPER=/opt/gcc-linaro-5.3.1-2016.05-x86_64_arm-linux-gnueabihf/bin/../libexec/gcc/arm-linux-gnueabihf/5.3.1/lto-wrapper
Target: arm-linux-gnueabihf
Configured with: /home/tcwg-buildslave/workspace/tcwg-make-release/label/docker-trusty-amd64-tcwg/target/arm-linux-gnueabihf/snapshots/gcc-linaro-5.3-2016.05/configure SHELL=/bin/bash --with-mpc=/home/tcwg-buildslave/workspace/tcwg-make-release/label/docker-trusty-amd64-tcwg/target/arm-linux-gnueabihf/_build/builds/destdir/x86_64-unknown-linux-gnu --with-mpfr=/home/tcwg-buildslave/workspace/tcwg-make-release/label/docker-trusty-amd64-tcwg/target/arm-linux-gnueabihf/_build/builds/destdir/x86_64-unknown-linux-gnu --with-gmp=/home/tcwg-buildslave/workspace/tcwg-make-release/label/docker-trusty-amd64-tcwg/target/arm-linux-gnueabihf/_build/builds/destdir/x86_64-unknown-linux-gnu --with-gnu-as --with-gnu-ld --disable-libstdcxx-pch --disable-libmudflap --with-cloog=no --with-ppl=no --with-isl=no --disable-nls --enable-c99 --with-tune=cortex-a9 --with-arch=armv7-a --with-fpu=vfpv3-d16 --with-float=hard --with-mode=thumb --disable-multilib --enable-multiarch --with-build-sysroot=/home/tcwg-buildslave/workspace/tcwg-make-release/label/docker-trusty-amd64-tcwg/target/arm-linux-gnueabihf/_build/sysroots/arm-linux-gnueabihf --enable-lto --enable-linker-build-id --enable-long-long --enable-shared --with-sysroot=/home/tcwg-buildslave/workspace/tcwg-make-release/label/docker-trusty-amd64-tcwg/target/arm-linux-gnueabihf/_build/builds/destdir/x86_64-unknown-linux-gnu/arm-linux-gnueabihf/libc --enable-languages=c,c++,fortran,lto --enable-checking=release --disable-bootstrap --build=x86_64-unknown-linux-gnu --host=x86_64-unknown-linux-gnu --target=arm-linux-gnueabihf --prefix=/home/tcwg-buildslave/workspace/tcwg-make-release/label/docker-trusty-amd64-tcwg/target/arm-linux-gnueabihf/_build/builds/destdir/x86_64-unknown-linux-gnu
Thread model: posix
gcc version 5.3.1 20160412 (Linaro GCC 5.3-2016.05) 
configure:3491: $? = 0
configure:3480: arm-linux-gcc -V >&5
arm-linux-gcc: error: unrecognized command line option '-V'
arm-linux-gcc: fatal error: no input files
compilation terminated.
configure:3491: $? = 1
configure:3480: arm-linux-gcc -qversion >&5
arm-linux-gcc: error: unrecognized command line option '-qversion'
arm-linux-gcc: fatal error: no input files
compilation terminated.
configure:3491: $? = 1
configure:3511: checking whether the C compiler works
configure:3533: arm-linux-gcc    conftest.c  >&5
configure:3537: $? = 0
configure:3585: result: yes
configure:3588: checking for C compiler default output file name
configure:3590: result: a.out
configure:3596: checking for suffix of executables
configure:3603: arm-linux-gcc -o conftest    conftest.c  >&5
configure:3607: $? = 0
configure:3629: result: 
configure:3651: checking whether we are cross compiling
configure:3659: arm-linux-gcc -o conftest    conftest.c  >&5
configure:3663: $? = 0
configure:3670: ./conftest
/lib/ld-linux-armhf.so.3: No such file or directory
configure:3674: $? = 255
configure:3689: result: yes
configure:3694: checking for suffix of object files
configure:3716: arm-linux-gcc -c   conftest.c >&5
configure:3720: $? = 0
configure:3741: result: o
configure:3745: checking whether we are using the GNU C compiler
configure:3764: arm-linux-gcc -c   conftest.c >&5
configure:3764: $? = 0
configure:3773: result: yes
configure:3782: checking whether arm-linux-gcc accepts -g
configure:3802: arm-linux-gcc -c -g  conftest.c >&5
configure:3802: $? = 0
configure:3843: result: yes
configure:3860: checking for arm-linux-gcc option to accept ISO C89
configure:3923: arm-linux-gcc  -c -g -O2  conftest.c >&5
configure:3923: $? = 0
configure:3936: result: none needed
configure:3961: checking whether arm-linux-gcc understands -c and -o together
configure:3983: arm-linux-gcc -c conftest.c -o conftest2.o
configure:3986: $? = 0
configure:3983: arm-linux-gcc -c conftest.c -o conftest2.o
configure:3986: $? = 0
configure:3998: result: yes
configure:4026: checking for style of include used by make
configure:4054: result: GNU
configure:4080: checking dependency style of arm-linux-gcc
configure:4191: result: gcc3
configure:4212: checking how to run the C preprocessor
configure:4243: arm-linux-gcc -E  conftest.c
configure:4243: $? = 0
configure:4257: arm-linux-gcc -E  conftest.c
conftest.c:11:28: fatal error: ac_nonexistent.h: No such file or directory
compilation terminated.
configure:4257: $? = 1
configure: failed program was:
| /* confdefs.h */
| #define PACKAGE_NAME "pcsc-lite"
| #define PACKAGE_TARNAME "pcsc-lite"
| #define PACKAGE_VERSION "1.8.23"
| #define PACKAGE_STRING "pcsc-lite 1.8.23"
| #define PACKAGE_BUGREPORT ""
| #define PACKAGE_URL ""
| #define PACKAGE "pcsc-lite"
| #define VERSION "1.8.23"
| /* end confdefs.h.  */
| #include <ac_nonexistent.h>
configure:4282: result: arm-linux-gcc -E
configure:4302: arm-linux-gcc -E  conftest.c
configure:4302: $? = 0
configure:4316: arm-linux-gcc -E  conftest.c
conftest.c:11:28: fatal error: ac_nonexistent.h: No such file or directory
compilation terminated.
configure:4316: $? = 1
configure: failed program was:
| /* confdefs.h */
| #define PACKAGE_NAME "pcsc-lite"
| #define PACKAGE_TARNAME "pcsc-lite"
| #define PACKAGE_VERSION "1.8.23"
| #define PACKAGE_STRING "pcsc-lite 1.8.23"
| #define PACKAGE_BUGREPORT ""
| #define PACKAGE_URL ""
| #define PACKAGE "pcsc-lite"
| #define VERSION "1.8.23"
| /* end confdefs.h.  */
| #include <ac_nonexistent.h>
configure:4345: checking for grep that handles long lines and -e
configure:4403: result: /bin/grep
configure:4408: checking for egrep
configure:4470: result: /bin/grep -E
configure:4475: checking for ANSI C header files
configure:4495: arm-linux-gcc -c -g -O2  conftest.c >&5
configure:4495: $? = 0
configure:4579: result: yes
configure:4592: checking for sys/types.h
configure:4592: arm-linux-gcc -c -g -O2  conftest.c >&5
configure:4592: $? = 0
configure:4592: result: yes
configure:4592: checking for sys/stat.h
configure:4592: arm-linux-gcc -c -g -O2  conftest.c >&5
configure:4592: $? = 0
configure:4592: result: yes
configure:4592: checking for stdlib.h
configure:4592: arm-linux-gcc -c -g -O2  conftest.c >&5
configure:4592: $? = 0
configure:4592: result: yes
configure:4592: checking for string.h
configure:4592: arm-linux-gcc -c -g -O2  conftest.c >&5
configure:4592: $? = 0
configure:4592: result: yes
configure:4592: checking for memory.h
configure:4592: arm-linux-gcc -c -g -O2  conftest.c >&5
configure:4592: $? = 0
configure:4592: result: yes
configure:4592: checking for strings.h
configure:4592: arm-linux-gcc -c -g -O2  conftest.c >&5
configure:4592: $? = 0
configure:4592: result: yes
configure:4592: checking for inttypes.h
configure:4592: arm-linux-gcc -c -g -O2  conftest.c >&5
configure:4592: $? = 0
configure:4592: result: yes
configure:4592: checking for stdint.h
configure:4592: arm-linux-gcc -c -g -O2  conftest.c >&5
configure:4592: $? = 0
configure:4592: result: yes
configure:4592: checking for unistd.h
configure:4592: arm-linux-gcc -c -g -O2  conftest.c >&5
configure:4592: $? = 0
configure:4592: result: yes
configure:4604: checking whether byte ordering is bigendian
configure:4619: arm-linux-gcc -c -g -O2  conftest.c >&5
conftest.c:22:9: error: unknown type name 'not'
         not a universal capable compiler
         ^
conftest.c:22:15: error: expected '=', ',', ';', 'asm' or '__attribute__' before 'universal'
         not a universal capable compiler
               ^
conftest.c:22:15: error: unknown type name 'universal'
configure:4619: $? = 1
configure: failed program was:
| /* confdefs.h */
| #define PACKAGE_NAME "pcsc-lite"
| #define PACKAGE_TARNAME "pcsc-lite"
| #define PACKAGE_VERSION "1.8.23"
| #define PACKAGE_STRING "pcsc-lite 1.8.23"
| #define PACKAGE_BUGREPORT ""
| #define PACKAGE_URL ""
| #define PACKAGE "pcsc-lite"
| #define VERSION "1.8.23"
| #define STDC_HEADERS 1
| #define HAVE_SYS_TYPES_H 1
| #define HAVE_SYS_STAT_H 1
| #define HAVE_STDLIB_H 1
| #define HAVE_STRING_H 1
| #define HAVE_MEMORY_H 1
| #define HAVE_STRINGS_H 1
| #define HAVE_INTTYPES_H 1
| #define HAVE_STDINT_H 1
| #define HAVE_UNISTD_H 1
| /* end confdefs.h.  */
| #ifndef __APPLE_CC__
| 	       not a universal capable compiler
| 	     #endif
| 	     typedef int dummy;
| 
configure:4664: arm-linux-gcc -c -g -O2  conftest.c >&5
configure:4664: $? = 0
configure:4682: arm-linux-gcc -c -g -O2  conftest.c >&5
conftest.c: In function 'main':
conftest.c:28:4: error: unknown type name 'not'
    not big endian
    ^
conftest.c:28:12: error: expected '=', ',', ';', 'asm' or '__attribute__' before 'endian'
    not big endian
            ^
configure:4682: $? = 1
configure: failed program was:
| /* confdefs.h */
| #define PACKAGE_NAME "pcsc-lite"
| #define PACKAGE_TARNAME "pcsc-lite"
| #define PACKAGE_VERSION "1.8.23"
| #define PACKAGE_STRING "pcsc-lite 1.8.23"
| #define PACKAGE_BUGREPORT ""
| #define PACKAGE_URL ""
| #define PACKAGE "pcsc-lite"
| #define VERSION "1.8.23"
| #define STDC_HEADERS 1
| #define HAVE_SYS_TYPES_H 1
| #define HAVE_SYS_STAT_H 1
| #define HAVE_STDLIB_H 1
| #define HAVE_STRING_H 1
| #define HAVE_MEMORY_H 1
| #define HAVE_STRINGS_H 1
| #define HAVE_INTTYPES_H 1
| #define HAVE_STDINT_H 1
| #define HAVE_UNISTD_H 1
| /* end confdefs.h.  */
| #include <sys/types.h>
| 		#include <sys/param.h>
| 
| int
| main ()
| {
| #if BYTE_ORDER != BIG_ENDIAN
| 		 not big endian
| 		#endif
| 
|   ;
|   return 0;
| }
configure:4810: result: no
configure:4868: checking whether to enable maintainer-specific portions of Makefiles
configure:4877: result: no
configure:4897: checking how to run the C preprocessor
configure:4967: result: arm-linux-gcc -E
configure:4987: arm-linux-gcc -E  conftest.c
configure:4987: $? = 0
configure:5001: arm-linux-gcc -E  conftest.c
conftest.c:21:28: fatal error: ac_nonexistent.h: No such file or directory
compilation terminated.
configure:5001: $? = 1
configure: failed program was:
| /* confdefs.h */
| #define PACKAGE_NAME "pcsc-lite"
| #define PACKAGE_TARNAME "pcsc-lite"
| #define PACKAGE_VERSION "1.8.23"
| #define PACKAGE_STRING "pcsc-lite 1.8.23"
| #define PACKAGE_BUGREPORT ""
| #define PACKAGE_URL ""
| #define PACKAGE "pcsc-lite"
| #define VERSION "1.8.23"
| #define STDC_HEADERS 1
| #define HAVE_SYS_TYPES_H 1
| #define HAVE_SYS_STAT_H 1
| #define HAVE_STDLIB_H 1
| #define HAVE_STRING_H 1
| #define HAVE_MEMORY_H 1
| #define HAVE_STRINGS_H 1
| #define HAVE_INTTYPES_H 1
| #define HAVE_STDINT_H 1
| #define HAVE_UNISTD_H 1
| /* end confdefs.h.  */
| #include <ac_nonexistent.h>
configure:5030: checking whether ln -s works
configure:5034: result: yes
configure:5041: checking whether make sets $(MAKE)
configure:5063: result: yes
configure:5076: checking for flex
configure:5106: result: no
configure:5076: checking for lex
configure:5106: result: no
configure:5245: checking for arm-linux-pkg-config
configure:5278: result: no
configure:5288: checking for pkg-config
configure:5321: result: no
configure:5360: checking for arm-linux-ar
configure:5376: found /opt/gcc-linaro-5.3.1-2016.05-x86_64_arm-linux-gnueabihf/bin/arm-linux-ar
configure:5387: result: arm-linux-ar
configure:5457: checking the archiver (arm-linux-ar) interface
configure:5473: arm-linux-gcc -c -g -O2  conftest.c >&5
configure:5473: $? = 0
configure:5475: arm-linux-ar cru libconftest.a conftest.o >&5
configure:5478: $? = 0
configure:5506: result: ar
configure:5696: checking for the pthreads library -lpthreads
configure:5734: arm-linux-gcc -o conftest -g -O2    conftest.c -lpthreads  >&5
/opt/gcc-linaro-5.3.1-2016.05-x86_64_arm-linux-gnueabihf/bin/../lib/gcc/arm-linux-gnueabihf/5.3.1/../../../../arm-linux-gnueabihf/bin/ld: cannot find -lpthreads
collect2: error: ld returned 1 exit status
configure:5734: $? = 1
configure: failed program was:
| /* confdefs.h */
| #define PACKAGE_NAME "pcsc-lite"
| #define PACKAGE_TARNAME "pcsc-lite"
| #define PACKAGE_VERSION "1.8.23"
| #define PACKAGE_STRING "pcsc-lite 1.8.23"
| #define PACKAGE_BUGREPORT ""
| #define PACKAGE_URL ""
| #define PACKAGE "pcsc-lite"
| #define VERSION "1.8.23"
| #define STDC_HEADERS 1
| #define HAVE_SYS_TYPES_H 1
| #define HAVE_SYS_STAT_H 1
| #define HAVE_STDLIB_H 1
| #define HAVE_STRING_H 1
| #define HAVE_MEMORY_H 1
| #define HAVE_STRINGS_H 1
| #define HAVE_INTTYPES_H 1
| #define HAVE_STDINT_H 1
| #define HAVE_UNISTD_H 1
| /* end confdefs.h.  */
| #include <pthread.h>
|                         static void routine(void *a) { a = 0; }
|                         static void *start_routine(void *a) { return a; }
| int
| main ()
| {
| pthread_t th; pthread_attr_t attr;
|                         pthread_create(&th, 0, start_routine, 0);
|                         pthread_join(th, 0);
|                         pthread_attr_init(&attr);
|                         pthread_cleanup_push(routine, 0);
|                         pthread_cleanup_pop(0) /* ; */
|   ;
|   return 0;
| }
configure:5743: result: no
configure:5641: checking whether pthreads work without any flags
configure:5734: arm-linux-gcc -o conftest -g -O2    conftest.c   >&5
/tmp/cc0BrwXN.o: In function `main':
/home/psm/work/code-refrence/Linux_Systerm/ccid/pcsc-lite-1.8.23/conftest.c:28: undefined reference to `pthread_create'
/home/psm/work/code-refrence/Linux_Systerm/ccid/pcsc-lite-1.8.23/conftest.c:29: undefined reference to `pthread_join'
/home/psm/work/code-refrence/Linux_Systerm/ccid/pcsc-lite-1.8.23/conftest.c:31: undefined reference to `__pthread_register_cancel'
/home/psm/work/code-refrence/Linux_Systerm/ccid/pcsc-lite-1.8.23/conftest.c:32: undefined reference to `__pthread_unregister_cancel'
collect2: error: ld returned 1 exit status
configure:5734: $? = 1
configure: failed program was:
| /* confdefs.h */
| #define PACKAGE_NAME "pcsc-lite"
| #define PACKAGE_TARNAME "pcsc-lite"
| #define PACKAGE_VERSION "1.8.23"
| #define PACKAGE_STRING "pcsc-lite 1.8.23"
| #define PACKAGE_BUGREPORT ""
| #define PACKAGE_URL ""
| #define PACKAGE "pcsc-lite"
| #define VERSION "1.8.23"
| #define STDC_HEADERS 1
| #define HAVE_SYS_TYPES_H 1
| #define HAVE_SYS_STAT_H 1
| #define HAVE_STDLIB_H 1
| #define HAVE_STRING_H 1
| #define HAVE_MEMORY_H 1
| #define HAVE_STRINGS_H 1
| #define HAVE_INTTYPES_H 1
| #define HAVE_STDINT_H 1
| #define HAVE_UNISTD_H 1
| /* end confdefs.h.  */
| #include <pthread.h>
|                         static void routine(void *a) { a = 0; }
|                         static void *start_routine(void *a) { return a; }
| int
| main ()
| {
| pthread_t th; pthread_attr_t attr;
|                         pthread_create(&th, 0, start_routine, 0);
|                         pthread_join(th, 0);
|                         pthread_attr_init(&attr);
|                         pthread_cleanup_push(routine, 0);
|                         pthread_cleanup_pop(0) /* ; */
|   ;
|   return 0;
| }
configure:5743: result: no
configure:5646: checking whether pthreads work with -Kthread
configure:5734: arm-linux-gcc -o conftest -g -O2 -Kthread   conftest.c   >&5
arm-linux-gcc: error: unrecognized command line option '-Kthread'
configure:5734: $? = 1
configure: failed program was:
| /* confdefs.h */
| #define PACKAGE_NAME "pcsc-lite"
| #define PACKAGE_TARNAME "pcsc-lite"
| #define PACKAGE_VERSION "1.8.23"
| #define PACKAGE_STRING "pcsc-lite 1.8.23"
| #define PACKAGE_BUGREPORT ""
| #define PACKAGE_URL ""
| #define PACKAGE "pcsc-lite"
| #define VERSION "1.8.23"
| #define STDC_HEADERS 1
| #define HAVE_SYS_TYPES_H 1
| #define HAVE_SYS_STAT_H 1
| #define HAVE_STDLIB_H 1
| #define HAVE_STRING_H 1
| #define HAVE_MEMORY_H 1
| #define HAVE_STRINGS_H 1
| #define HAVE_INTTYPES_H 1
| #define HAVE_STDINT_H 1
| #define HAVE_UNISTD_H 1
| /* end confdefs.h.  */
| #include <pthread.h>
|                         static void routine(void *a) { a = 0; }
|                         static void *start_routine(void *a) { return a; }
| int
| main ()
| {
| pthread_t th; pthread_attr_t attr;
|                         pthread_create(&th, 0, start_routine, 0);
|                         pthread_join(th, 0);
|                         pthread_attr_init(&attr);
|                         pthread_cleanup_push(routine, 0);
|                         pthread_cleanup_pop(0) /* ; */
|   ;
|   return 0;
| }
configure:5743: result: no
configure:5646: checking whether pthreads work with -kthread
configure:5734: arm-linux-gcc -o conftest -g -O2 -kthread   conftest.c   >&5
arm-linux-gcc: error: unrecognized command line option '-kthread'
configure:5734: $? = 1
configure: failed program was:
| /* confdefs.h */
| #define PACKAGE_NAME "pcsc-lite"
| #define PACKAGE_TARNAME "pcsc-lite"
| #define PACKAGE_VERSION "1.8.23"
| #define PACKAGE_STRING "pcsc-lite 1.8.23"
| #define PACKAGE_BUGREPORT ""
| #define PACKAGE_URL ""
| #define PACKAGE "pcsc-lite"
| #define VERSION "1.8.23"
| #define STDC_HEADERS 1
| #define HAVE_SYS_TYPES_H 1
| #define HAVE_SYS_STAT_H 1
| #define HAVE_STDLIB_H 1
| #define HAVE_STRING_H 1
| #define HAVE_MEMORY_H 1
| #define HAVE_STRINGS_H 1
| #define HAVE_INTTYPES_H 1
| #define HAVE_STDINT_H 1
| #define HAVE_UNISTD_H 1
| /* end confdefs.h.  */
| #include <pthread.h>
|                         static void routine(void *a) { a = 0; }
|                         static void *start_routine(void *a) { return a; }
| int
| main ()
| {
| pthread_t th; pthread_attr_t attr;
|                         pthread_create(&th, 0, start_routine, 0);
|                         pthread_join(th, 0);
|                         pthread_attr_init(&attr);
|                         pthread_cleanup_push(routine, 0);
|                         pthread_cleanup_pop(0) /* ; */
|   ;
|   return 0;
| }
configure:5743: result: no
configure:5696: checking for the pthreads library -llthread
configure:5734: arm-linux-gcc -o conftest -g -O2    conftest.c -llthread  >&5
/opt/gcc-linaro-5.3.1-2016.05-x86_64_arm-linux-gnueabihf/bin/../lib/gcc/arm-linux-gnueabihf/5.3.1/../../../../arm-linux-gnueabihf/bin/ld: cannot find -llthread
collect2: error: ld returned 1 exit status
configure:5734: $? = 1
configure: failed program was:
| /* confdefs.h */
| #define PACKAGE_NAME "pcsc-lite"
| #define PACKAGE_TARNAME "pcsc-lite"
| #define PACKAGE_VERSION "1.8.23"
| #define PACKAGE_STRING "pcsc-lite 1.8.23"
| #define PACKAGE_BUGREPORT ""
| #define PACKAGE_URL ""
| #define PACKAGE "pcsc-lite"
| #define VERSION "1.8.23"
| #define STDC_HEADERS 1
| #define HAVE_SYS_TYPES_H 1
| #define HAVE_SYS_STAT_H 1
| #define HAVE_STDLIB_H 1
| #define HAVE_STRING_H 1
| #define HAVE_MEMORY_H 1
| #define HAVE_STRINGS_H 1
| #define HAVE_INTTYPES_H 1
| #define HAVE_STDINT_H 1
| #define HAVE_UNISTD_H 1
| /* end confdefs.h.  */
| #include <pthread.h>
|                         static void routine(void *a) { a = 0; }
|                         static void *start_routine(void *a) { return a; }
| int
| main ()
| {
| pthread_t th; pthread_attr_t attr;
|                         pthread_create(&th, 0, start_routine, 0);
|                         pthread_join(th, 0);
|                         pthread_attr_init(&attr);
|                         pthread_cleanup_push(routine, 0);
|                         pthread_cleanup_pop(0) /* ; */
|   ;
|   return 0;
| }
configure:5743: result: no
configure:5646: checking whether pthreads work with -pthread
configure:5734: arm-linux-gcc -o conftest -g -O2 -pthread   conftest.c   >&5
configure:5734: $? = 0
configure:5743: result: yes
configure:5762: checking for joinable pthread attribute
configure:5777: arm-linux-gcc -o conftest -g -O2 -pthread   conftest.c   >&5
configure:5777: $? = 0
configure:5783: result: PTHREAD_CREATE_JOINABLE
configure:5793: checking if more special flags are required for pthreads
configure:5807: result: no
configure:5813: checking for PTHREAD_PRIO_INHERIT
configure:5831: arm-linux-gcc -o conftest -g -O2 -pthread   conftest.c   >&5
configure:5831: $? = 0
configure:5840: result: yes
configure:5939: checking for pthread_cancel
configure:5939: arm-linux-gcc -o conftest -g -O2 -pthread   conftest.c  >&5
configure:5939: $? = 0
configure:5939: result: yes
configure:5998: checking how to print strings
configure:6025: result: printf
configure:6046: checking for a sed that does not truncate output
configure:6110: result: /bin/sed
configure:6128: checking for fgrep
configure:6190: result: /bin/grep -F
configure:6225: checking for ld used by arm-linux-gcc
configure:6292: result: /opt/gcc-linaro-5.3.1-2016.05-x86_64_arm-linux-gnueabihf/arm-linux-gnueabihf/bin/ld
configure:6299: checking if the linker (/opt/gcc-linaro-5.3.1-2016.05-x86_64_arm-linux-gnueabihf/arm-linux-gnueabihf/bin/ld) is GNU ld
configure:6314: result: yes
configure:6326: checking for BSD- or MS-compatible name lister (nm)
configure:6380: result: /opt/gcc-linaro-5.3.1-2016.05-x86_64_arm-linux-gnueabihf/bin/arm-linux-nm -B
configure:6510: checking the name lister (/opt/gcc-linaro-5.3.1-2016.05-x86_64_arm-linux-gnueabihf/bin/arm-linux-nm -B) interface
configure:6517: arm-linux-gcc -c -g -O2  conftest.c >&5
configure:6520: /opt/gcc-linaro-5.3.1-2016.05-x86_64_arm-linux-gnueabihf/bin/arm-linux-nm -B "conftest.o"
configure:6523: output
00000000 B some_variable
configure:6530: result: BSD nm
configure:6534: checking the maximum length of command line arguments
configure:6665: result: 1572864
configure:6713: checking how to convert x86_64-pc-linux-gnu file names to arm-unknown-linux-gnu format
configure:6753: result: func_convert_file_noop
configure:6760: checking how to convert x86_64-pc-linux-gnu file names to toolchain format
configure:6780: result: func_convert_file_noop
configure:6787: checking for /opt/gcc-linaro-5.3.1-2016.05-x86_64_arm-linux-gnueabihf/arm-linux-gnueabihf/bin/ld option to reload object files
configure:6794: result: -r
configure:6828: checking for arm-linux-objdump
configure:6844: found /opt/gcc-linaro-5.3.1-2016.05-x86_64_arm-linux-gnueabihf/bin/arm-linux-objdump
configure:6855: result: arm-linux-objdump
configure:6927: checking how to recognize dependent libraries
configure:7127: result: pass_all
configure:7172: checking for arm-linux-dlltool
configure:7202: result: no
configure:7212: checking for dlltool
configure:7242: result: no
configure:7272: checking how to associate runtime and link libraries
configure:7299: result: printf %s\n
configure:7315: checking for arm-linux-ar
configure:7342: result: arm-linux-ar
configure:7423: checking for archiver @FILE support
configure:7440: arm-linux-gcc -c -g -O2  conftest.c >&5
configure:7440: $? = 0
configure:7443: arm-linux-ar cru libconftest.a @conftest.lst >&5
configure:7446: $? = 0
configure:7451: arm-linux-ar cru libconftest.a @conftest.lst >&5
arm-linux-ar: conftest.o: No such file or directory
configure:7454: $? = 1
configure:7466: result: @
configure:7484: checking for arm-linux-strip
configure:7511: result: arm-linux-strip
configure:7583: checking for arm-linux-ranlib
configure:7599: found /opt/gcc-linaro-5.3.1-2016.05-x86_64_arm-linux-gnueabihf/bin/arm-linux-ranlib
configure:7610: result: arm-linux-ranlib
configure:7752: checking command to parse /opt/gcc-linaro-5.3.1-2016.05-x86_64_arm-linux-gnueabihf/bin/arm-linux-nm -B output from arm-linux-gcc object
configure:7905: arm-linux-gcc -c -g -O2  conftest.c >&5
configure:7908: $? = 0
configure:7912: /opt/gcc-linaro-5.3.1-2016.05-x86_64_arm-linux-gnueabihf/bin/arm-linux-nm -B conftest.o \| sed -n -e 's/^.*[ ]\([ABCDGIRSTW][ABCDGIRSTW]*\)[ ][ ]*\([_A-Za-z][_A-Za-z0-9]*\)$/\1 \2 \2/p' | sed '/ __gnu_lto/d' \> conftest.nm
configure:7915: $? = 0
configure:7981: arm-linux-gcc -o conftest -g -O2   conftest.c conftstm.o >&5
configure:7984: $? = 0
configure:8022: result: ok
configure:8069: checking for sysroot
configure:8099: result: no
configure:8106: checking for a working dd
configure:8144: result: /bin/dd
configure:8148: checking how to truncate binary pipes
configure:8163: result: /bin/dd bs=4096 count=1
configure:8452: checking for arm-linux-mt
configure:8482: result: no
configure:8492: checking for mt
configure:8508: found /bin/mt
configure:8519: result: mt
configure:8531: WARNING: using cross tools not prefixed with host triplet
configure:8542: checking if mt is a manifest tool
configure:8548: mt '-?'
configure:8556: result: no
configure:9230: checking for dlfcn.h
configure:9230: arm-linux-gcc -c -g -O2  conftest.c >&5
configure:9230: $? = 0
configure:9230: result: yes
configure:9485: checking for objdir
configure:9500: result: .libs
configure:9764: checking if arm-linux-gcc supports -fno-rtti -fno-exceptions
configure:9782: arm-linux-gcc -c -g -O2  -fno-rtti -fno-exceptions conftest.c >&5
cc1: warning: command line option '-fno-rtti' is valid for C++/ObjC++ but not for C
configure:9786: $? = 0
configure:9799: result: no
configure:10157: checking for arm-linux-gcc option to produce PIC
configure:10164: result: -fPIC -DPIC
configure:10172: checking if arm-linux-gcc PIC flag -fPIC -DPIC works
configure:10190: arm-linux-gcc -c -g -O2  -fPIC -DPIC -DPIC conftest.c >&5
configure:10194: $? = 0
configure:10207: result: yes
configure:10236: checking if arm-linux-gcc static flag -static works
configure:10264: result: yes
configure:10279: checking if arm-linux-gcc supports -c -o file.o
configure:10300: arm-linux-gcc -c -g -O2  -o out/conftest2.o conftest.c >&5
configure:10304: $? = 0
configure:10326: result: yes
configure:10334: checking if arm-linux-gcc supports -c -o file.o
configure:10381: result: yes
configure:10414: checking whether the arm-linux-gcc linker (/opt/gcc-linaro-5.3.1-2016.05-x86_64_arm-linux-gnueabihf/arm-linux-gnueabihf/bin/ld) supports shared libraries
configure:11677: result: yes
configure:11714: checking whether -lc should be explicitly linked in
configure:11722: arm-linux-gcc -c -g -O2  conftest.c >&5
configure:11725: $? = 0
configure:11740: arm-linux-gcc -shared  -fPIC -DPIC conftest.o  -v -Wl,-soname -Wl,conftest -o conftest 2\>\&1 \| /bin/grep  -lc  \>/dev/null 2\>\&1
configure:11743: $? = 0
configure:11757: result: no
configure:11917: checking dynamic linker characteristics
configure:12498: arm-linux-gcc -o conftest -g -O2   -Wl,-rpath -Wl,/foo conftest.c  >&5
configure:12498: $? = 0
configure:12747: result: GNU/Linux ld.so
configure:12869: checking how to hardcode library paths into programs
configure:12894: result: immediate
configure:13442: checking whether stripping libraries is possible
configure:13447: result: yes
configure:13482: checking if libtool supports shared libraries
configure:13484: result: yes
configure:13487: checking whether to build shared libraries
configure:13512: result: yes
configure:13515: checking whether to build static libraries
configure:13519: result: yes
configure:13561: checking for ANSI C header files
configure:13665: result: yes
configure:13673: checking for sys/wait.h that is POSIX.1 compatible
configure:13699: arm-linux-gcc -c -g -O2  conftest.c >&5
configure:13699: $? = 0
configure:13706: result: yes
configure:13717: checking getopt.h usability
configure:13717: arm-linux-gcc -c -g -O2  conftest.c >&5
configure:13717: $? = 0
configure:13717: result: yes
configure:13717: checking getopt.h presence
configure:13717: arm-linux-gcc -E  conftest.c
configure:13717: $? = 0
configure:13717: result: yes
configure:13717: checking for getopt.h
configure:13717: result: yes
configure:13717: checking sys/filio.h usability
configure:13717: arm-linux-gcc -c -g -O2  conftest.c >&5
conftest.c:62:23: fatal error: sys/filio.h: No such file or directory
compilation terminated.
configure:13717: $? = 1
configure: failed program was:
| /* confdefs.h */
| #define PACKAGE_NAME "pcsc-lite"
| #define PACKAGE_TARNAME "pcsc-lite"
| #define PACKAGE_VERSION "1.8.23"
| #define PACKAGE_STRING "pcsc-lite 1.8.23"
| #define PACKAGE_BUGREPORT ""
| #define PACKAGE_URL ""
| #define PACKAGE "pcsc-lite"
| #define VERSION "1.8.23"
| #define STDC_HEADERS 1
| #define HAVE_SYS_TYPES_H 1
| #define HAVE_SYS_STAT_H 1
| #define HAVE_STDLIB_H 1
| #define HAVE_STRING_H 1
| #define HAVE_MEMORY_H 1
| #define HAVE_STRINGS_H 1
| #define HAVE_INTTYPES_H 1
| #define HAVE_STDINT_H 1
| #define HAVE_UNISTD_H 1
| #define HAVE_PTHREAD_PRIO_INHERIT 1
| #define HAVE_PTHREAD 1
| #define HAVE_PTHREAD_CANCEL 1
| #define HAVE_DLFCN_H 1
| #define LT_OBJDIR ".libs/"
| #define STDC_HEADERS 1
| #define HAVE_SYS_WAIT_H 1
| #define HAVE_GETOPT_H 1
| /* end confdefs.h.  */
| #include <stdio.h>
| #ifdef HAVE_SYS_TYPES_H
| # include <sys/types.h>
| #endif
| #ifdef HAVE_SYS_STAT_H
| # include <sys/stat.h>
| #endif
| #ifdef STDC_HEADERS
| # include <stdlib.h>
| # include <stddef.h>
| #else
| # ifdef HAVE_STDLIB_H
| #  include <stdlib.h>
| # endif
| #endif
| #ifdef HAVE_STRING_H
| # if !defined STDC_HEADERS && defined HAVE_MEMORY_H
| #  include <memory.h>
| # endif
| # include <string.h>
| #endif
| #ifdef HAVE_STRINGS_H
| # include <strings.h>
| #endif
| #ifdef HAVE_INTTYPES_H
| # include <inttypes.h>
| #endif
| #ifdef HAVE_STDINT_H
| # include <stdint.h>
| #endif
| #ifdef HAVE_UNISTD_H
| # include <unistd.h>
| #endif
| #include <sys/filio.h>
configure:13717: result: no
configure:13717: checking sys/filio.h presence
configure:13717: arm-linux-gcc -E  conftest.c
conftest.c:29:23: fatal error: sys/filio.h: No such file or directory
compilation terminated.
configure:13717: $? = 1
configure: failed program was:
| /* confdefs.h */
| #define PACKAGE_NAME "pcsc-lite"
| #define PACKAGE_TARNAME "pcsc-lite"
| #define PACKAGE_VERSION "1.8.23"
| #define PACKAGE_STRING "pcsc-lite 1.8.23"
| #define PACKAGE_BUGREPORT ""
| #define PACKAGE_URL ""
| #define PACKAGE "pcsc-lite"
| #define VERSION "1.8.23"
| #define STDC_HEADERS 1
| #define HAVE_SYS_TYPES_H 1
| #define HAVE_SYS_STAT_H 1
| #define HAVE_STDLIB_H 1
| #define HAVE_STRING_H 1
| #define HAVE_MEMORY_H 1
| #define HAVE_STRINGS_H 1
| #define HAVE_INTTYPES_H 1
| #define HAVE_STDINT_H 1
| #define HAVE_UNISTD_H 1
| #define HAVE_PTHREAD_PRIO_INHERIT 1
| #define HAVE_PTHREAD 1
| #define HAVE_PTHREAD_CANCEL 1
| #define HAVE_DLFCN_H 1
| #define LT_OBJDIR ".libs/"
| #define STDC_HEADERS 1
| #define HAVE_SYS_WAIT_H 1
| #define HAVE_GETOPT_H 1
| /* end confdefs.h.  */
| #include <sys/filio.h>
configure:13717: result: no
configure:13717: checking for sys/filio.h
configure:13717: result: no
configure:13717: checking syslog.h usability
configure:13717: arm-linux-gcc -c -g -O2  conftest.c >&5
configure:13717: $? = 0
configure:13717: result: yes
configure:13717: checking syslog.h presence
configure:13717: arm-linux-gcc -E  conftest.c
configure:13717: $? = 0
configure:13717: result: yes
configure:13717: checking for syslog.h
configure:13717: result: yes
configure:13717: checking dl.h usability
configure:13717: arm-linux-gcc -c -g -O2  conftest.c >&5
conftest.c:63:16: fatal error: dl.h: No such file or directory
compilation terminated.
configure:13717: $? = 1
configure: failed program was:
| /* confdefs.h */
| #define PACKAGE_NAME "pcsc-lite"
| #define PACKAGE_TARNAME "pcsc-lite"
| #define PACKAGE_VERSION "1.8.23"
| #define PACKAGE_STRING "pcsc-lite 1.8.23"
| #define PACKAGE_BUGREPORT ""
| #define PACKAGE_URL ""
| #define PACKAGE "pcsc-lite"
| #define VERSION "1.8.23"
| #define STDC_HEADERS 1
| #define HAVE_SYS_TYPES_H 1
| #define HAVE_SYS_STAT_H 1
| #define HAVE_STDLIB_H 1
| #define HAVE_STRING_H 1
| #define HAVE_MEMORY_H 1
| #define HAVE_STRINGS_H 1
| #define HAVE_INTTYPES_H 1
| #define HAVE_STDINT_H 1
| #define HAVE_UNISTD_H 1
| #define HAVE_PTHREAD_PRIO_INHERIT 1
| #define HAVE_PTHREAD 1
| #define HAVE_PTHREAD_CANCEL 1
| #define HAVE_DLFCN_H 1
| #define LT_OBJDIR ".libs/"
| #define STDC_HEADERS 1
| #define HAVE_SYS_WAIT_H 1
| #define HAVE_GETOPT_H 1
| #define HAVE_SYSLOG_H 1
| /* end confdefs.h.  */
| #include <stdio.h>
| #ifdef HAVE_SYS_TYPES_H
| # include <sys/types.h>
| #endif
| #ifdef HAVE_SYS_STAT_H
| # include <sys/stat.h>
| #endif
| #ifdef STDC_HEADERS
| # include <stdlib.h>
| # include <stddef.h>
| #else
| # ifdef HAVE_STDLIB_H
| #  include <stdlib.h>
| # endif
| #endif
| #ifdef HAVE_STRING_H
| # if !defined STDC_HEADERS && defined HAVE_MEMORY_H
| #  include <memory.h>
| # endif
| # include <string.h>
| #endif
| #ifdef HAVE_STRINGS_H
| # include <strings.h>
| #endif
| #ifdef HAVE_INTTYPES_H
| # include <inttypes.h>
| #endif
| #ifdef HAVE_STDINT_H
| # include <stdint.h>
| #endif
| #ifdef HAVE_UNISTD_H
| # include <unistd.h>
| #endif
| #include <dl.h>
configure:13717: result: no
configure:13717: checking dl.h presence
configure:13717: arm-linux-gcc -E  conftest.c
conftest.c:30:16: fatal error: dl.h: No such file or directory
compilation terminated.
configure:13717: $? = 1
configure: failed program was:
| /* confdefs.h */
| #define PACKAGE_NAME "pcsc-lite"
| #define PACKAGE_TARNAME "pcsc-lite"
| #define PACKAGE_VERSION "1.8.23"
| #define PACKAGE_STRING "pcsc-lite 1.8.23"
| #define PACKAGE_BUGREPORT ""
| #define PACKAGE_URL ""
| #define PACKAGE "pcsc-lite"
| #define VERSION "1.8.23"
| #define STDC_HEADERS 1
| #define HAVE_SYS_TYPES_H 1
| #define HAVE_SYS_STAT_H 1
| #define HAVE_STDLIB_H 1
| #define HAVE_STRING_H 1
| #define HAVE_MEMORY_H 1
| #define HAVE_STRINGS_H 1
| #define HAVE_INTTYPES_H 1
| #define HAVE_STDINT_H 1
| #define HAVE_UNISTD_H 1
| #define HAVE_PTHREAD_PRIO_INHERIT 1
| #define HAVE_PTHREAD 1
| #define HAVE_PTHREAD_CANCEL 1
| #define HAVE_DLFCN_H 1
| #define LT_OBJDIR ".libs/"
| #define STDC_HEADERS 1
| #define HAVE_SYS_WAIT_H 1
| #define HAVE_GETOPT_H 1
| #define HAVE_SYSLOG_H 1
| /* end confdefs.h.  */
| #include <dl.h>
configure:13717: result: no
configure:13717: checking for dl.h
configure:13717: result: no
configure:13717: checking fcntl.h usability
configure:13717: arm-linux-gcc -c -g -O2  conftest.c >&5
configure:13717: $? = 0
configure:13717: result: yes
configure:13717: checking fcntl.h presence
configure:13717: arm-linux-gcc -E  conftest.c
configure:13717: $? = 0
configure:13717: result: yes
configure:13717: checking for fcntl.h
configure:13717: result: yes
configure:13717: checking alloca.h usability
configure:13717: arm-linux-gcc -c -g -O2  conftest.c >&5
configure:13717: $? = 0
configure:13717: result: yes
configure:13717: checking alloca.h presence
configure:13717: arm-linux-gcc -E  conftest.c
configure:13717: $? = 0
configure:13717: result: yes
configure:13717: checking for alloca.h
configure:13717: result: yes
configure:13729: checking for an ANSI C-conforming const
configure:13795: arm-linux-gcc -c -g -O2  conftest.c >&5
configure:13795: $? = 0
configure:13802: result: yes
configure:13810: checking for uid_t in sys/types.h
configure:13829: result: yes
configure:13840: checking for size_t
configure:13840: arm-linux-gcc -c -g -O2  conftest.c >&5
configure:13840: $? = 0
configure:13840: arm-linux-gcc -c -g -O2  conftest.c >&5
conftest.c: In function 'main':
conftest.c:68:21: error: expected expression before ')' token
 if (sizeof ((size_t)))
                     ^
configure:13840: $? = 1
configure: failed program was:
| /* confdefs.h */
| #define PACKAGE_NAME "pcsc-lite"
| #define PACKAGE_TARNAME "pcsc-lite"
| #define PACKAGE_VERSION "1.8.23"
| #define PACKAGE_STRING "pcsc-lite 1.8.23"
| #define PACKAGE_BUGREPORT ""
| #define PACKAGE_URL ""
| #define PACKAGE "pcsc-lite"
| #define VERSION "1.8.23"
| #define STDC_HEADERS 1
| #define HAVE_SYS_TYPES_H 1
| #define HAVE_SYS_STAT_H 1
| #define HAVE_STDLIB_H 1
| #define HAVE_STRING_H 1
| #define HAVE_MEMORY_H 1
| #define HAVE_STRINGS_H 1
| #define HAVE_INTTYPES_H 1
| #define HAVE_STDINT_H 1
| #define HAVE_UNISTD_H 1
| #define HAVE_PTHREAD_PRIO_INHERIT 1
| #define HAVE_PTHREAD 1
| #define HAVE_PTHREAD_CANCEL 1
| #define HAVE_DLFCN_H 1
| #define LT_OBJDIR ".libs/"
| #define STDC_HEADERS 1
| #define HAVE_SYS_WAIT_H 1
| #define HAVE_GETOPT_H 1
| #define HAVE_SYSLOG_H 1
| #define HAVE_FCNTL_H 1
| #define HAVE_ALLOCA_H 1
| /* end confdefs.h.  */
| #include <stdio.h>
| #ifdef HAVE_SYS_TYPES_H
| # include <sys/types.h>
| #endif
| #ifdef HAVE_SYS_STAT_H
| # include <sys/stat.h>
| #endif
| #ifdef STDC_HEADERS
| # include <stdlib.h>
| # include <stddef.h>
| #else
| # ifdef HAVE_STDLIB_H
| #  include <stdlib.h>
| # endif
| #endif
| #ifdef HAVE_STRING_H
| # if !defined STDC_HEADERS && defined HAVE_MEMORY_H
| #  include <memory.h>
| # endif
| # include <string.h>
| #endif
| #ifdef HAVE_STRINGS_H
| # include <strings.h>
| #endif
| #ifdef HAVE_INTTYPES_H
| # include <inttypes.h>
| #endif
| #ifdef HAVE_STDINT_H
| # include <stdint.h>
| #endif
| #ifdef HAVE_UNISTD_H
| # include <unistd.h>
| #endif
| int
| main ()
| {
| if (sizeof ((size_t)))
| 	    return 0;
|   ;
|   return 0;
| }
configure:13840: result: yes
configure:13851: checking whether time.h and sys/time.h may both be included
configure:13871: arm-linux-gcc -c -g -O2  conftest.c >&5
configure:13871: $? = 0
configure:13878: result: yes
configure:13889: checking for dirent.h that defines DIR
configure:13908: arm-linux-gcc -c -g -O2  conftest.c >&5
configure:13908: $? = 0
configure:13916: result: yes
configure:13929: checking for library containing opendir
configure:13960: arm-linux-gcc -o conftest -g -O2   conftest.c  >&5
configure:13960: $? = 0
configure:13977: result: none required
configure:14046: checking for struct dirent.d_type
configure:14046: arm-linux-gcc -c -g -O2  conftest.c >&5
configure:14046: $? = 0
configure:14046: result: yes
configure:14076: checking for error_at_line
configure:14092: arm-linux-gcc -o conftest -g -O2   conftest.c  >&5
configure:14092: $? = 0
configure:14100: result: yes
configure:14111: checking whether lstat correctly handles trailing slash
configure:14154: result: no
configure:14173: checking whether stat accepts an empty string
configure:14203: result: yes
configure:14221: checking for vprintf
configure:14221: arm-linux-gcc -o conftest -g -O2   conftest.c  >&5
conftest.c:59:6: warning: conflicting types for built-in function 'vprintf'
 char vprintf ();
      ^
configure:14221: $? = 0
configure:14221: result: yes
configure:14227: checking for _doprnt
configure:14227: arm-linux-gcc -o conftest -g -O2   conftest.c  >&5
/tmp/ccNYpv6x.o: In function `main':
/home/psm/work/code-refrence/Linux_Systerm/ccid/pcsc-lite-1.8.23/conftest.c:71: undefined reference to `_doprnt'
collect2: error: ld returned 1 exit status
configure:14227: $? = 1
configure: failed program was:
| /* confdefs.h */
| #define PACKAGE_NAME "pcsc-lite"
| #define PACKAGE_TARNAME "pcsc-lite"
| #define PACKAGE_VERSION "1.8.23"
| #define PACKAGE_STRING "pcsc-lite 1.8.23"
| #define PACKAGE_BUGREPORT ""
| #define PACKAGE_URL ""
| #define PACKAGE "pcsc-lite"
| #define VERSION "1.8.23"
| #define STDC_HEADERS 1
| #define HAVE_SYS_TYPES_H 1
| #define HAVE_SYS_STAT_H 1
| #define HAVE_STDLIB_H 1
| #define HAVE_STRING_H 1
| #define HAVE_MEMORY_H 1
| #define HAVE_STRINGS_H 1
| #define HAVE_INTTYPES_H 1
| #define HAVE_STDINT_H 1
| #define HAVE_UNISTD_H 1
| #define HAVE_PTHREAD_PRIO_INHERIT 1
| #define HAVE_PTHREAD 1
| #define HAVE_PTHREAD_CANCEL 1
| #define HAVE_DLFCN_H 1
| #define LT_OBJDIR ".libs/"
| #define STDC_HEADERS 1
| #define HAVE_SYS_WAIT_H 1
| #define HAVE_GETOPT_H 1
| #define HAVE_SYSLOG_H 1
| #define HAVE_FCNTL_H 1
| #define HAVE_ALLOCA_H 1
| #define TIME_WITH_SYS_TIME 1
| #define HAVE_DIRENT_H 1
| #define HAVE_STRUCT_DIRENT_D_TYPE 1
| #define HAVE_STAT_EMPTY_STRING_BUG 1
| #define HAVE_VPRINTF 1
| /* end confdefs.h.  */
| /* Define _doprnt to an innocuous variant, in case <limits.h> declares _doprnt.
|    For example, HP-UX 11i <limits.h> declares gettimeofday.  */
| #define _doprnt innocuous__doprnt
| 
| /* System header to define __stub macros and hopefully few prototypes,
|     which can conflict with char _doprnt (); below.
|     Prefer <limits.h> to <assert.h> if __STDC__ is defined, since
|     <limits.h> exists even on freestanding compilers.  */
| 
| #ifdef __STDC__
| # include <limits.h>
| #else
| # include <assert.h>
| #endif
| 
| #undef _doprnt
| 
| /* Override any GCC internal prototype to avoid an error.
|    Use char because int might match the return type of a GCC
|    builtin and then its argument prototype would still apply.  */
| #ifdef __cplusplus
| extern "C"
| #endif
| char _doprnt ();
| /* The GNU C library defines this for functions which it implements
|     to always fail with ENOSYS.  Some functions are actually named
|     something starting with __ and the normal name is an alias.  */
| #if defined __stub__doprnt || defined __stub____doprnt
| choke me
| #endif
| 
| int
| main ()
| {
| return _doprnt ();
|   ;
|   return 0;
| }
configure:14227: result: no
configure:14241: checking for getopt_long
configure:14241: arm-linux-gcc -o conftest -g -O2   conftest.c  >&5
configure:14241: $? = 0
configure:14241: result: yes
configure:14241: checking for nanosleep
configure:14241: arm-linux-gcc -o conftest -g -O2   conftest.c  >&5
configure:14241: $? = 0
configure:14241: result: yes
configure:14241: checking for strerror
configure:14241: arm-linux-gcc -o conftest -g -O2   conftest.c  >&5
configure:14241: $? = 0
configure:14241: result: yes
configure:14241: checking for vsnprintf
configure:14241: arm-linux-gcc -o conftest -g -O2   conftest.c  >&5
conftest.c:63:6: warning: conflicting types for built-in function 'vsnprintf'
 char vsnprintf ();
      ^
configure:14241: $? = 0
configure:14241: result: yes
configure:14252: checking for working alloca.h
configure:14269: arm-linux-gcc -o conftest -g -O2   conftest.c  >&5
configure:14269: $? = 0
configure:14277: result: yes
configure:14285: checking for alloca
configure:14322: arm-linux-gcc -o conftest -g -O2   conftest.c  >&5
configure:14322: $? = 0
configure:14330: result: yes
configure:14438: checking for inline
configure:14454: arm-linux-gcc -c -g -O2  conftest.c >&5
configure:14454: $? = 0
configure:14462: result: inline
configure:14487: checking for -fvisibility=hidden
configure:14493: arm-linux-gcc -c -Wall -fno-common -g -O2 -fvisibility=hidden  conftest.c >&5
configure:14493: $? = 0
configure:14494: result: yes
configure:14505: checking for library containing dlopen
configure:14536: arm-linux-gcc -o conftest -Wall -fno-common -g -O2   conftest.c  >&5
/tmp/ccchG2PM.o: In function `main':
/home/psm/work/code-refrence/Linux_Systerm/ccid/pcsc-lite-1.8.23/conftest.c:54: undefined reference to `dlopen'
collect2: error: ld returned 1 exit status
configure:14536: $? = 1
configure: failed program was:
| /* confdefs.h */
| #define PACKAGE_NAME "pcsc-lite"
| #define PACKAGE_TARNAME "pcsc-lite"
| #define PACKAGE_VERSION "1.8.23"
| #define PACKAGE_STRING "pcsc-lite 1.8.23"
| #define PACKAGE_BUGREPORT ""
| #define PACKAGE_URL ""
| #define PACKAGE "pcsc-lite"
| #define VERSION "1.8.23"
| #define STDC_HEADERS 1
| #define HAVE_SYS_TYPES_H 1
| #define HAVE_SYS_STAT_H 1
| #define HAVE_STDLIB_H 1
| #define HAVE_STRING_H 1
| #define HAVE_MEMORY_H 1
| #define HAVE_STRINGS_H 1
| #define HAVE_INTTYPES_H 1
| #define HAVE_STDINT_H 1
| #define HAVE_UNISTD_H 1
| #define HAVE_PTHREAD_PRIO_INHERIT 1
| #define HAVE_PTHREAD 1
| #define HAVE_PTHREAD_CANCEL 1
| #define HAVE_DLFCN_H 1
| #define LT_OBJDIR ".libs/"
| #define STDC_HEADERS 1
| #define HAVE_SYS_WAIT_H 1
| #define HAVE_GETOPT_H 1
| #define HAVE_SYSLOG_H 1
| #define HAVE_FCNTL_H 1
| #define HAVE_ALLOCA_H 1
| #define TIME_WITH_SYS_TIME 1
| #define HAVE_DIRENT_H 1
| #define HAVE_STRUCT_DIRENT_D_TYPE 1
| #define HAVE_STAT_EMPTY_STRING_BUG 1
| #define HAVE_VPRINTF 1
| #define HAVE_GETOPT_LONG 1
| #define HAVE_NANOSLEEP 1
| #define HAVE_STRERROR 1
| #define HAVE_VSNPRINTF 1
| #define HAVE_ALLOCA_H 1
| #define HAVE_ALLOCA 1
| /* end confdefs.h.  */
| 
| /* Override any GCC internal prototype to avoid an error.
|    Use char because int might match the return type of a GCC
|    builtin and then its argument prototype would still apply.  */
| #ifdef __cplusplus
| extern "C"
| #endif
| char dlopen ();
| int
| main ()
| {
| return dlopen ();
|   ;
|   return 0;
| }
configure:14536: arm-linux-gcc -o conftest -Wall -fno-common -g -O2   conftest.c -ldl   >&5
configure:14536: $? = 0
configure:14553: result: -ldl
configure:14584: checking for socket in -lsocket
configure:14609: arm-linux-gcc -o conftest -Wall -fno-common -g -O2   conftest.c -lsocket  -ldl  >&5
/opt/gcc-linaro-5.3.1-2016.05-x86_64_arm-linux-gnueabihf/bin/../lib/gcc/arm-linux-gnueabihf/5.3.1/../../../../arm-linux-gnueabihf/bin/ld: cannot find -lsocket
collect2: error: ld returned 1 exit status
configure:14609: $? = 1
configure: failed program was:
| /* confdefs.h */
| #define PACKAGE_NAME "pcsc-lite"
| #define PACKAGE_TARNAME "pcsc-lite"
| #define PACKAGE_VERSION "1.8.23"
| #define PACKAGE_STRING "pcsc-lite 1.8.23"
| #define PACKAGE_BUGREPORT ""
| #define PACKAGE_URL ""
| #define PACKAGE "pcsc-lite"
| #define VERSION "1.8.23"
| #define STDC_HEADERS 1
| #define HAVE_SYS_TYPES_H 1
| #define HAVE_SYS_STAT_H 1
| #define HAVE_STDLIB_H 1
| #define HAVE_STRING_H 1
| #define HAVE_MEMORY_H 1
| #define HAVE_STRINGS_H 1
| #define HAVE_INTTYPES_H 1
| #define HAVE_STDINT_H 1
| #define HAVE_UNISTD_H 1
| #define HAVE_PTHREAD_PRIO_INHERIT 1
| #define HAVE_PTHREAD 1
| #define HAVE_PTHREAD_CANCEL 1
| #define HAVE_DLFCN_H 1
| #define LT_OBJDIR ".libs/"
| #define STDC_HEADERS 1
| #define HAVE_SYS_WAIT_H 1
| #define HAVE_GETOPT_H 1
| #define HAVE_SYSLOG_H 1
| #define HAVE_FCNTL_H 1
| #define HAVE_ALLOCA_H 1
| #define TIME_WITH_SYS_TIME 1
| #define HAVE_DIRENT_H 1
| #define HAVE_STRUCT_DIRENT_D_TYPE 1
| #define HAVE_STAT_EMPTY_STRING_BUG 1
| #define HAVE_VPRINTF 1
| #define HAVE_GETOPT_LONG 1
| #define HAVE_NANOSLEEP 1
| #define HAVE_STRERROR 1
| #define HAVE_VSNPRINTF 1
| #define HAVE_ALLOCA_H 1
| #define HAVE_ALLOCA 1
| #define PCSC_ARCH "Linux"
| /* end confdefs.h.  */
| 
| /* Override any GCC internal prototype to avoid an error.
|    Use char because int might match the return type of a GCC
|    builtin and then its argument prototype would still apply.  */
| #ifdef __cplusplus
| extern "C"
| #endif
| char socket ();
| int
| main ()
| {
| return socket ();
|   ;
|   return 0;
| }
configure:14618: result: no
configure:14626: checking for mq_getattr in -lrt
configure:14651: arm-linux-gcc -o conftest -Wall -fno-common -g -O2   conftest.c -lrt  -ldl  >&5
configure:14651: $? = 0
configure:14660: result: yes
configure:14982: checking for LIBUSB
configure:15143: result: yes
configure:15156: checking libusb.h usability
configure:15156: arm-linux-gcc -c -Wall -fno-common -g -O2  -I /home/psm/work/code-refrence/Linux_Systerm/ccid/pcsc-lite-1.8.23/../output/include/libusb-1.0 conftest.c >&5
configure:15156: $? = 0
configure:15156: result: yes
configure:15156: checking libusb.h presence
configure:15156: arm-linux-gcc -E  -I /home/psm/work/code-refrence/Linux_Systerm/ccid/pcsc-lite-1.8.23/../output/include/libusb-1.0 conftest.c
configure:15156: $? = 0
configure:15156: result: yes
configure:15156: checking for libusb.h
configure:15156: result: yes
configure:15171: checking for libusb_init
configure:15191: arm-linux-gcc -o conftest -Wall -fno-common -g -O2  -I /home/psm/work/code-refrence/Linux_Systerm/ccid/pcsc-lite-1.8.23/../output/include/libusb-1.0  conftest.c  -L/home/psm/work/code-refrence/Linux_Systerm/ccid/pcsc-lite-1.8.23/../output/lib -lusb-1.0   >&5
configure:15191: $? = 0
configure:15192: result: yes
configure:15733: checking that generated files are newer than configure
configure:15739: result: done
configure:15783: creating ./config.status

## ---------------------- ##
## Running config.status. ##
## ---------------------- ##

This file was extended by pcsc-lite config.status 1.8.23, which was
generated by GNU Autoconf 2.69.  Invocation command line was

  CONFIG_FILES    = 
  CONFIG_HEADERS  = 
  CONFIG_LINKS    = 
  CONFIG_COMMANDS = 
  $ ./config.status 

on ubuntu

config.status:1174: creating Makefile
config.status:1174: creating doc/Makefile
config.status:1174: creating doc/doxygen.conf
config.status:1174: creating doc/pcscd.8
config.status:1174: creating doc/reader.conf.5
config.status:1174: creating doc/example/Makefile
config.status:1174: creating etc/Makefile
config.status:1174: creating etc/pcscd.service
config.status:1174: creating etc/pcscd.socket
config.status:1174: creating src/Makefile
config.status:1174: creating src/libpcsclite.pc
config.status:1174: creating src/pcscd.h
config.status:1174: creating src/PCSC/pcsclite.h
config.status:1174: creating src/spy/Makefile
config.status:1174: creating config.h
config.status:1355: config.h is unchanged
config.status:1403: executing depfiles commands
config.status:1403: executing libtool commands

## ---------------- ##
## Cache variables. ##
## ---------------- ##

ac_cv_build=x86_64-pc-linux-gnu
ac_cv_c_bigendian=no
ac_cv_c_compiler_gnu=yes
ac_cv_c_const=yes
ac_cv_c_inline=inline
ac_cv_env_CC_set=set
ac_cv_env_CC_value=arm-linux-gcc
ac_cv_env_CFLAGS_set=
ac_cv_env_CFLAGS_value=
ac_cv_env_CPPFLAGS_set=
ac_cv_env_CPPFLAGS_value=
ac_cv_env_CPP_set=
ac_cv_env_CPP_value=
ac_cv_env_LDFLAGS_set=
ac_cv_env_LDFLAGS_value=
ac_cv_env_LIBSYSTEMD_CFLAGS_set=
ac_cv_env_LIBSYSTEMD_CFLAGS_value=
ac_cv_env_LIBSYSTEMD_LIBS_set=
ac_cv_env_LIBSYSTEMD_LIBS_value=
ac_cv_env_LIBS_set=
ac_cv_env_LIBS_value=
ac_cv_env_LIBUDEV_CFLAGS_set=
ac_cv_env_LIBUDEV_CFLAGS_value=
ac_cv_env_LIBUDEV_LIBS_set=
ac_cv_env_LIBUDEV_LIBS_value=
ac_cv_env_LIBUSB_CFLAGS_set=set
ac_cv_env_LIBUSB_CFLAGS_value='-I /home/psm/work/code-refrence/Linux_Systerm/ccid/pcsc-lite-1.8.23/../output/include/libusb-1.0'
ac_cv_env_LIBUSB_LIBS_set=set
ac_cv_env_LIBUSB_LIBS_value='-L/home/psm/work/code-refrence/Linux_Systerm/ccid/pcsc-lite-1.8.23/../output/lib -lusb-1.0'
ac_cv_env_LT_SYS_LIBRARY_PATH_set=
ac_cv_env_LT_SYS_LIBRARY_PATH_value=
ac_cv_env_PKG_CONFIG_LIBDIR_set=
ac_cv_env_PKG_CONFIG_LIBDIR_value=
ac_cv_env_PKG_CONFIG_PATH_set=
ac_cv_env_PKG_CONFIG_PATH_value=
ac_cv_env_PKG_CONFIG_set=
ac_cv_env_PKG_CONFIG_value=
ac_cv_env_POLKIT_CFLAGS_set=
ac_cv_env_POLKIT_CFLAGS_value=
ac_cv_env_POLKIT_LIBS_set=
ac_cv_env_POLKIT_LIBS_value=
ac_cv_env_build_alias_set=
ac_cv_env_build_alias_value=
ac_cv_env_host_alias_set=set
ac_cv_env_host_alias_value=arm-linux
ac_cv_env_target_alias_set=
ac_cv_env_target_alias_value=
ac_cv_func__doprnt=no
ac_cv_func_alloca_works=yes
ac_cv_func_getopt_long=yes
ac_cv_func_lstat_dereferences_slashed_symlink=no
ac_cv_func_nanosleep=yes
ac_cv_func_pthread_cancel=yes
ac_cv_func_stat_empty_string_bug=yes
ac_cv_func_strerror=yes
ac_cv_func_vprintf=yes
ac_cv_func_vsnprintf=yes
ac_cv_header_alloca_h=yes
ac_cv_header_dirent_dirent_h=yes
ac_cv_header_dl_h=no
ac_cv_header_dlfcn_h=yes
ac_cv_header_fcntl_h=yes
ac_cv_header_getopt_h=yes
ac_cv_header_inttypes_h=yes
ac_cv_header_libusb_h=yes
ac_cv_header_memory_h=yes
ac_cv_header_stdc=yes
ac_cv_header_stdint_h=yes
ac_cv_header_stdlib_h=yes
ac_cv_header_string_h=yes
ac_cv_header_strings_h=yes
ac_cv_header_sys_filio_h=no
ac_cv_header_sys_stat_h=yes
ac_cv_header_sys_types_h=yes
ac_cv_header_sys_wait_h=yes
ac_cv_header_syslog_h=yes
ac_cv_header_time=yes
ac_cv_header_unistd_h=yes
ac_cv_host=arm-unknown-linux-gnu
ac_cv_lib_error_at_line=yes
ac_cv_lib_rt_mq_getattr=yes
ac_cv_lib_socket_socket=no
ac_cv_member_struct_dirent_d_type=yes
ac_cv_objext=o
ac_cv_path_EGREP='/bin/grep -E'
ac_cv_path_FGREP='/bin/grep -F'
ac_cv_path_GREP=/bin/grep
ac_cv_path_SED=/bin/sed
ac_cv_path_install='/usr/bin/install -c'
ac_cv_path_lt_DD=/bin/dd
ac_cv_path_mkdir=/bin/mkdir
ac_cv_prog_AR=arm-linux-ar
ac_cv_prog_AWK=gawk
ac_cv_prog_CC=arm-linux-gcc
ac_cv_prog_CPP='arm-linux-gcc -E'
ac_cv_prog_OBJDUMP=arm-linux-objdump
ac_cv_prog_RANLIB=arm-linux-ranlib
ac_cv_prog_STRIP=arm-linux-strip
ac_cv_prog_ac_ct_MANIFEST_TOOL=mt
ac_cv_prog_cc_c89=
ac_cv_prog_cc_g=yes
ac_cv_prog_make_make_set=yes
ac_cv_search_dlopen=-ldl
ac_cv_search_opendir='none required'
ac_cv_type_size_t=yes
ac_cv_type_uid_t=yes
ac_cv_working_alloca_h=yes
am_cv_CC_dependencies_compiler_type=gcc3
am_cv_ar_interface=ar
am_cv_make_support_nested_variables=yes
am_cv_prog_cc_c_o=yes
ax_cv_PTHREAD_PRIO_INHERIT=yes
lt_cv_ar_at_file=@
lt_cv_archive_cmds_need_lc=no
lt_cv_deplibs_check_method=pass_all
lt_cv_file_magic_cmd='$MAGIC_CMD'
lt_cv_file_magic_test_file=
lt_cv_ld_reload_flag=-r
lt_cv_nm_interface='BSD nm'
lt_cv_objdir=.libs
lt_cv_path_LD=/opt/gcc-linaro-5.3.1-2016.05-x86_64_arm-linux-gnueabihf/arm-linux-gnueabihf/bin/ld
lt_cv_path_NM='/opt/gcc-linaro-5.3.1-2016.05-x86_64_arm-linux-gnueabihf/bin/arm-linux-nm -B'
lt_cv_path_mainfest_tool=no
lt_cv_prog_compiler_c_o=yes
lt_cv_prog_compiler_pic='-fPIC -DPIC'
lt_cv_prog_compiler_pic_works=yes
lt_cv_prog_compiler_rtti_exceptions=no
lt_cv_prog_compiler_static_works=yes
lt_cv_prog_gnu_ld=yes
lt_cv_sharedlib_from_linklib_cmd='printf %s\n'
lt_cv_shlibpath_overrides_runpath=no
lt_cv_sys_global_symbol_pipe='sed -n -e '\''s/^.*[	 ]\([ABCDGIRSTW][ABCDGIRSTW]*\)[	 ][	 ]*\([_A-Za-z][_A-Za-z0-9]*\)$/\1 \2 \2/p'\'' | sed '\''/ __gnu_lto/d'\'''
lt_cv_sys_global_symbol_to_c_name_address='sed -n -e '\''s/^: \(.*\) .*$/  {"\1", (void *) 0},/p'\'' -e '\''s/^[ABCDGIRSTW][ABCDGIRSTW]* .* \(.*\)$/  {"\1", (void *) \&\1},/p'\'''
lt_cv_sys_global_symbol_to_c_name_address_lib_prefix='sed -n -e '\''s/^: \(.*\) .*$/  {"\1", (void *) 0},/p'\'' -e '\''s/^[ABCDGIRSTW][ABCDGIRSTW]* .* \(lib.*\)$/  {"\1", (void *) \&\1},/p'\'' -e '\''s/^[ABCDGIRSTW][ABCDGIRSTW]* .* \(.*\)$/  {"lib\1", (void *) \&\1},/p'\'''
lt_cv_sys_global_symbol_to_cdecl='sed -n -e '\''s/^T .* \(.*\)$/extern int \1();/p'\'' -e '\''s/^[ABCDGIRSTW][ABCDGIRSTW]* .* \(.*\)$/extern char \1;/p'\'''
lt_cv_sys_global_symbol_to_import=
lt_cv_sys_max_cmd_len=1572864
lt_cv_to_host_file_cmd=func_convert_file_noop
lt_cv_to_tool_file_cmd=func_convert_file_noop
lt_cv_truncate_bin='/bin/dd bs=4096 count=1'
pkg_cv_LIBUSB_CFLAGS='-I /home/psm/work/code-refrence/Linux_Systerm/ccid/pcsc-lite-1.8.23/../output/include/libusb-1.0'
pkg_cv_LIBUSB_LIBS='-L/home/psm/work/code-refrence/Linux_Systerm/ccid/pcsc-lite-1.8.23/../output/lib -lusb-1.0'

## ----------------- ##
## Output variables. ##
## ----------------- ##

ACLOCAL='${SHELL} /home/psm/work/code-refrence/Linux_Systerm/ccid/pcsc-lite-1.8.23/missing aclocal-1.15'
ALLOCA=''
AMDEPBACKSLASH='\'
AMDEP_FALSE='#'
AMDEP_TRUE=''
AMTAR='$${TAR-tar}'
AM_BACKSLASH='\'
AM_DEFAULT_V='$(AM_DEFAULT_VERBOSITY)'
AM_DEFAULT_VERBOSITY='0'
AM_V='$(V)'
AR='arm-linux-ar'
AUTOCONF='${SHELL} /home/psm/work/code-refrence/Linux_Systerm/ccid/pcsc-lite-1.8.23/missing autoconf'
AUTOHEADER='${SHELL} /home/psm/work/code-refrence/Linux_Systerm/ccid/pcsc-lite-1.8.23/missing autoheader'
AUTOMAKE='${SHELL} /home/psm/work/code-refrence/Linux_Systerm/ccid/pcsc-lite-1.8.23/missing automake-1.15'
AWK='gawk'
CC='arm-linux-gcc'
CCDEPMODE='depmode=gcc3'
CFLAGS='-Wall -fno-common -g -O2'
COREFOUNDATION=''
CPP='arm-linux-gcc -E'
CPPFLAGS='-I${top_srcdir}/src '
CYGPATH_W='echo'
DEFS='-DHAVE_CONFIG_H'
DEPDIR='.deps'
DLLTOOL='false'
DSYMUTIL=''
DUMPBIN=''
ECHO_C=''
ECHO_N='-n'
ECHO_T=''
EGREP='/bin/grep -E'
ENABLE_POLKIT_FALSE=''
ENABLE_POLKIT_TRUE='#'
ENABLE_SERIAL_FALSE='#'
ENABLE_SERIAL_TRUE=''
ENABLE_USB_FALSE='#'
ENABLE_USB_TRUE=''
EXEEXT=''
FGREP='/bin/grep -F'
GREP='/bin/grep'
HAVE_SYSTEMD_FALSE=''
HAVE_SYSTEMD_TRUE='#'
INSTALL_DATA='${INSTALL} -m 644'
INSTALL_PROGRAM='${INSTALL}'
INSTALL_SCRIPT='${INSTALL}'
INSTALL_STRIP_PROGRAM='$(install_sh) -c -s'
IOKIT=''
LD='/opt/gcc-linaro-5.3.1-2016.05-x86_64_arm-linux-gnueabihf/arm-linux-gnueabihf/bin/ld'
LDFLAGS=''
LEX='${SHELL} /home/psm/work/code-refrence/Linux_Systerm/ccid/pcsc-lite-1.8.23/missing flex'
LEXLIB=''
LEX_OUTPUT_ROOT=''
LIBOBJS=' ${LIBOBJDIR}lstat$U.o ${LIBOBJDIR}stat$U.o'
LIBS='-ldl  -lrt'
LIBSYSTEMD_CFLAGS=''
LIBSYSTEMD_LIBS=''
LIBTOOL='$(SHELL) $(top_builddir)/libtool'
LIBUDEV_CFLAGS=''
LIBUDEV_LIBS=''
LIBUSBCONFIG=''
LIBUSB_CFLAGS='-I /home/psm/work/code-refrence/Linux_Systerm/ccid/pcsc-lite-1.8.23/../output/include/libusb-1.0'
LIBUSB_LIBS='-L/home/psm/work/code-refrence/Linux_Systerm/ccid/pcsc-lite-1.8.23/../output/lib -lusb-1.0'
LIPO=''
LN_S='ln -s'
LTLIBOBJS=' ${LIBOBJDIR}lstat$U.lo ${LIBOBJDIR}stat$U.lo'
LT_SYS_LIBRARY_PATH=''
MAINT='#'
MAINTAINER_MODE_FALSE=''
MAINTAINER_MODE_TRUE='#'
MAKEINFO='${SHELL} /home/psm/work/code-refrence/Linux_Systerm/ccid/pcsc-lite-1.8.23/missing makeinfo'
MANIFEST_TOOL=':'
MKDIR_P='/bin/mkdir -p'
NM='/opt/gcc-linaro-5.3.1-2016.05-x86_64_arm-linux-gnueabihf/bin/arm-linux-nm -B'
NMEDIT=''
OBJDUMP='arm-linux-objdump'
OBJEXT='o'
OTOOL64=''
OTOOL=''
PACKAGE='pcsc-lite'
PACKAGE_BUGREPORT=''
PACKAGE_NAME='pcsc-lite'
PACKAGE_STRING='pcsc-lite 1.8.23'
PACKAGE_TARNAME='pcsc-lite'
PACKAGE_URL=''
PACKAGE_VERSION='1.8.23'
PATH_SEPARATOR=':'
PCSCLITE_CONFIG_DIR='/home/psm/work/code-refrence/Linux_Systerm/ccid/pcsc-lite-1.8.23/../output/etc/reader.conf.d'
PKG_CONFIG=''
PKG_CONFIG_LIBDIR=''
PKG_CONFIG_PATH=''
POLICY_DIR=''
POLKIT_CFLAGS=''
POLKIT_LIBS=''
PTHREAD_CC='arm-linux-gcc'
PTHREAD_CFLAGS='-pthread'
PTHREAD_LIBS=''
RANLIB='arm-linux-ranlib'
SED='/bin/sed'
SET_MAKE=''
SHELL='/bin/bash'
STRIP='arm-linux-strip'
SYMBOL_VISIBILITY='-fvisibility=hidden'
VERSION='1.8.23'
ac_ct_AR=''
ac_ct_CC=''
ac_ct_DUMPBIN=''
am__EXEEXT_FALSE=''
am__EXEEXT_TRUE='#'
am__fastdepCC_FALSE='#'
am__fastdepCC_TRUE=''
am__include='include'
am__isrc=''
am__leading_dot='.'
am__nodep='_no'
am__quote=''
am__tar='$${TAR-tar} chof - "$$tardir"'
am__untar='$${TAR-tar} xf -'
ax_pthread_config=''
bindir='${exec_prefix}/bin'
build='x86_64-pc-linux-gnu'
build_alias=''
build_cpu='x86_64'
build_os='linux-gnu'
build_vendor='pc'
confdir_exp='/home/psm/work/code-refrence/Linux_Systerm/ccid/pcsc-lite-1.8.23/../output/etc/reader.conf.d'
datadir='${datarootdir}'
datarootdir='${prefix}/share'
docdir='${datarootdir}/doc/${PACKAGE_TARNAME}'
dvidir='${docdir}'
exec_prefix='${prefix}'
host='arm-unknown-linux-gnu'
host_alias='arm-linux'
host_cpu='arm'
host_os='linux-gnu'
host_to_ccid_16=''
host_to_ccid_32=''
host_vendor='unknown'
htmldir='${docdir}'
includedir='${prefix}/include'
infodir='${datarootdir}/info'
install_sh='${SHELL} /home/psm/work/code-refrence/Linux_Systerm/ccid/pcsc-lite-1.8.23/install-sh'
ipcdir='/var/run/pcscd'
libdir='${exec_prefix}/lib'
libexecdir='${exec_prefix}/libexec'
localedir='${datarootdir}/locale'
localstatedir='${prefix}/var'
localstatedir_exp='/home/psm/work/code-refrence/Linux_Systerm/ccid/pcsc-lite-1.8.23/../output/var'
mandir='${datarootdir}/man'
mkdir_p='$(MKDIR_P)'
oldincludedir='/usr/include'
pdfdir='${docdir}'
prefix='/home/psm/work/code-refrence/Linux_Systerm/ccid/pcsc-lite-1.8.23/../output'
program_transform_name='s,x,x,'
psdir='${docdir}'
runstatedir='${localstatedir}/run'
sbindir='${exec_prefix}/sbin'
sbindir_exp='/home/psm/work/code-refrence/Linux_Systerm/ccid/pcsc-lite-1.8.23/../output/sbin'
serialconfdir=''
sharedstatedir='${prefix}/com'
sysconfdir='${prefix}/etc'
systemdsystemunitdir=''
target_alias=''
usbdropdir='/home/psm/work/code-refrence/Linux_Systerm/ccid/pcsc-lite-1.8.23/../output/lib/pcsc/drivers'
usbdropdir_exp='/home/psm/work/code-refrence/Linux_Systerm/ccid/pcsc-lite-1.8.23/../output/lib/pcsc/drivers'

## ----------- ##
## confdefs.h. ##
## ----------- ##

/* confdefs.h */
#define PACKAGE_NAME "pcsc-lite"
#define PACKAGE_TARNAME "pcsc-lite"
#define PACKAGE_VERSION "1.8.23"
#define PACKAGE_STRING "pcsc-lite 1.8.23"
#define PACKAGE_BUGREPORT ""
#define PACKAGE_URL ""
#define PACKAGE "pcsc-lite"
#define VERSION "1.8.23"
#define STDC_HEADERS 1
#define HAVE_SYS_TYPES_H 1
#define HAVE_SYS_STAT_H 1
#define HAVE_STDLIB_H 1
#define HAVE_STRING_H 1
#define HAVE_MEMORY_H 1
#define HAVE_STRINGS_H 1
#define HAVE_INTTYPES_H 1
#define HAVE_STDINT_H 1
#define HAVE_UNISTD_H 1
#define HAVE_PTHREAD_PRIO_INHERIT 1
#define HAVE_PTHREAD 1
#define HAVE_PTHREAD_CANCEL 1
#define HAVE_DLFCN_H 1
#define LT_OBJDIR ".libs/"
#define STDC_HEADERS 1
#define HAVE_SYS_WAIT_H 1
#define HAVE_GETOPT_H 1
#define HAVE_SYSLOG_H 1
#define HAVE_FCNTL_H 1
#define HAVE_ALLOCA_H 1
#define TIME_WITH_SYS_TIME 1
#define HAVE_DIRENT_H 1
#define HAVE_STRUCT_DIRENT_D_TYPE 1
#define HAVE_STAT_EMPTY_STRING_BUG 1
#define HAVE_VPRINTF 1
#define HAVE_GETOPT_LONG 1
#define HAVE_NANOSLEEP 1
#define HAVE_STRERROR 1
#define HAVE_VSNPRINTF 1
#define HAVE_ALLOCA_H 1
#define HAVE_ALLOCA 1
#define PCSC_ARCH "Linux"
#define USE_SERIAL 1
#define USE_USB 1
#define HAVE_LIBUSB_H 1
#define HAVE_LIBUSB 1
#define PCSCLITE_HP_DROPDIR "/home/psm/work/code-refrence/Linux_Systerm/ccid/pcsc-lite-1.8.23/../output/lib/pcsc/drivers"
#define USE_IPCDIR "/var/run/pcscd"
#define PCSCLITE_FEATURES " Linux arm-unknown-linux-gnu serial usb libusb usbdropdir=/home/psm/work/code-refrence/Linux_Systerm/ccid/pcsc-lite-1.8.23/../output/lib/pcsc/drivers ipcdir=/var/run/pcscd configdir=/home/psm/work/code-refrence/Linux_Systerm/ccid/pcsc-lite-1.8.23/../output/etc/reader.conf.d"
#define PCSCD_BINARY "/home/psm/work/code-refrence/Linux_Systerm/ccid/pcsc-lite-1.8.23/../output/sbin/pcscd"

configure: exit 0
